This is pdfTeX, Version 3.141592653-2.6-1.40.27 (TeX Live 2025) (preloaded format=pdflatex 2025.12.9)  9 DEC 2025 19:57
entering extended mode
 restricted \write18 enabled.
 %&-line parsing enabled.
**main.tex
(./main.tex
LaTeX2e <2024-11-01> patch level 2
L3 programming layer <2025-01-18>
(/usr/local/texlive/2025basic/texmf-dist/tex/latex/abntex2/abntex2.cls
Document Class: abntex2 2018/11/24 v-1.9.7 abnTeX2
(/usr/local/texlive/2025basic/texmf-dist/tex/latex/base/ifthen.sty
Package: ifthen 2024/03/16 v1.1e Standard LaTeX ifthen package (DPC)
)
(/usr/local/texlive/2025basic/texmf-dist/tex/latex/memoir/memoir.cls
Document Class: memoir 2025/03/06 v3.8.3 configurable book, report, article doc
ument class
(/usr/local/texlive/2025basic/texmf-dist/tex/latex/xpatch/xpatch.sty
(/usr/local/texlive/2025basic/texmf-dist/tex/latex/l3kernel/expl3.sty
Package: expl3 2025-01-18 L3 programming layer (loader) 

(/usr/local/texlive/2025basic/texmf-dist/tex/latex/l3backend/l3backend-pdftex.d
ef
File: l3backend-pdftex.def 2024-05-08 L3 backend support: PDF output (pdfTeX)
\l__color_backend_stack_int=\count196
\l__pdf_internal_box=\box52
))
Package: xpatch 2020/03/25 v0.3a Extending etoolbox patching commands

(/usr/local/texlive/2025basic/texmf-dist/tex/latex/l3packages/xparse/xparse.sty
Package: xparse 2024-08-16 L3 Experimental document command parser
) (/usr/local/texlive/2025basic/texmf-dist/tex/latex/etoolbox/etoolbox.sty
Package: etoolbox 2025/02/11 v2.5l e-TeX tools for LaTeX (JAW)
\etb@tempcnta=\count197
))
\onelineskip=\skip49
\lxvchars=\skip50
\xlvchars=\skip51
\@memcnta=\count198
\c@@memmarkcntra=\count199

(/usr/local/texlive/2025basic/texmf-dist/tex/generic/iftex/iftex.sty
Package: iftex 2024/12/12 v1.0g TeX engine tests
)
\trimtop=\skip52
\trimedge=\skip53

(/usr/local/texlive/2025basic/texmf-dist/tex/latex/memoir/mem12.clo
File: mem12.clo 2022/07/29 v0.5 memoir class 12pt size option
)
\binding=\skip54
\spinemargin=\skip55
\foremargin=\skip56
\uppermargin=\skip57
\lowermargin=\skip58
\headdrop=\skip59
\normalrulethickness=\skip60
\mem@maxheadheight=\skip61
\mem@maxfootheight=\skip62
\headwidth=\skip63
\c@storedpagenumber=\count266
\memPD=\dimen141
\m@mabparskip=\skip64
\thanksmarkwidth=\skip65
\thanksmarksep=\skip66
\droptitle=\skip67
\c@book=\count267
\c@part=\count268
\c@chapter=\count269
\c@section=\count270
\c@subsection=\count271
\c@subsubsection=\count272
\c@paragraph=\count273
\c@subparagraph=\count274
\beforechapskip=\skip68
\midchapskip=\skip69
\afterchapskip=\skip70
\chapindent=\skip71
\bottomsectionskip=\skip72
\secindent=\skip73
\beforesecskip=\skip74
\aftersecskip=\skip75
\subsecindent=\skip76
\beforesubsecskip=\skip77
\aftersubsecskip=\skip78
\subsubsecindent=\skip79
\beforesubsubsecskip=\skip80
\aftersubsubsecskip=\skip81
\paraindent=\skip82
\beforeparaskip=\skip83
\afterparaskip=\skip84
\subparaindent=\skip85
\beforesubparaskip=\skip86
\aftersubparaskip=\skip87
\pfbreakskip=\skip88
\c@@ppsavesec=\count275
\c@@ppsaveapp=\count276
\ragrparindent=\dimen142
\everylistparindent=\dimen143
\parsepi=\skip89
\topsepi=\skip90
\itemsepi=\skip91
\parsepii=\skip92
\topsepii=\skip93
\topsepiii=\skip94
\itemsepii=\skip95
\itemsepiii=\skip96
\partopsepii=\skip97
\partopsepiii=\skip98
\m@msavetopsep=\skip99
\m@msavepartopsep=\skip100
\@enLab=\toks17
\abstitleskip=\skip101
\absleftindent=\skip102
\abs@leftindent=\dimen144
\absrightindent=\skip103
\absparindent=\skip104
\absparsep=\skip105
\c@vslineno=\count277
\c@poemline=\count278
\c@modulo@vs=\count279
\c@memfvsline=\count280
\vleftskip=\skip106
\vrightskip=\skip107
\stanzaskip=\skip108
\versewidth=\skip109
\vgap=\skip110
\vindent=\skip111
\vleftmargin=\dimen145
\c@verse=\count281
\c@chrsinstr=\count282
\beforepoemtitleskip=\skip112
\afterpoemtitleskip=\skip113
\c@poem=\count283
\beforePoemTitleskip=\skip114
\midPoemTitleskip=\skip115
\afterPoemTitleskip=\skip116

(/usr/local/texlive/2025basic/texmf-dist/tex/latex/tools/array.sty
Package: array 2024/10/17 v2.6g Tabular extension package (FMi)
\col@sep=\dimen146
\ar@mcellbox=\box53
\extrarowheight=\dimen147
\NC@list=\toks18
\extratabsurround=\skip117
\backup@length=\skip118
\ar@cellbox=\box54
)
(/usr/local/texlive/2025basic/texmf-dist/tex/latex/tools/dcolumn.sty
Package: dcolumn 2023/07/08 v1.06 decimal alignment package (DPC)
)
(/usr/local/texlive/2025basic/texmf-dist/tex/latex/tools/delarray.sty
Package: delarray 2014/10/28 v1.01 array delimiter package (DPC)
)
(/usr/local/texlive/2025basic/texmf-dist/tex/latex/tools/tabularx.sty
Package: tabularx 2023/12/11 v2.12a `tabularx' package (DPC)
\TX@col@width=\dimen148
\TX@old@table=\dimen149
\TX@old@col=\dimen150
\TX@target=\dimen151
\TX@delta=\dimen152
\TX@cols=\count284
\TX@ftn=\toks19
)
(/usr/local/texlive/2025basic/texmf-dist/tex/latex/booktabs/booktabs.sty
Package: booktabs 2020/01/12 v1.61803398 Publication quality tables
\heavyrulewidth=\dimen153
\lightrulewidth=\dimen154
\cmidrulewidth=\dimen155
\belowrulesep=\dimen156
\belowbottomsep=\dimen157
\aboverulesep=\dimen158
\abovetopsep=\dimen159
\cmidrulesep=\dimen160
\cmidrulekern=\dimen161
\defaultaddspace=\dimen162
\@cmidla=\count285
\@cmidlb=\count286
\@aboverulesep=\dimen163
\@belowrulesep=\dimen164
\@thisruleclass=\count287
\@lastruleclass=\count288
\@thisrulewidth=\dimen165
)
\ctableftskip=\skip119
\ctabrightskip=\skip120
\abovecolumnspenalty=\count289
\@linestogo=\count290
\@cellstogo=\count291
\@cellsincolumn=\count292
\crtok=\toks20
\@mincolumnwidth=\dimen166
\c@newflo@tctr=\count293
\mem@margin@floatbox=\box55
\@contcwidth=\skip121
\@contindw=\skip122
\abovecaptionskip=\skip123
\belowcaptionskip=\skip124
\subfloattopskip=\skip125
\subfloatcapskip=\skip126
\subfloatcaptopadj=\skip127
\subfloatbottomskip=\skip128
\subfloatlabelskip=\skip129
\subfloatcapmargin=\dimen167
\c@@contsubnum=\count294
\m@mscap@capbox=\box56
\m@mscap@fbox=\box57
\sidecapsep=\dimen168
\sidecapwidth=\dimen169
\m@m@tempdima=\dimen170
\m@mscapraise=\dimen171
\sidecapraise=\dimen172
\m@mscapmainwidth=\dimen173
\m@mscaplkern=\dimen174
\beforeepigraphskip=\skip130
\afterepigraphskip=\skip131
\epigraphwidth=\skip132
\epigraphrule=\skip133
LaTeX Info: Redefining \em on input line 7017.
LaTeX Info: Redefining \emph on input line 7025.

(/usr/local/texlive/2025basic/texmf-dist/tex/latex/hyperref/nameref.sty
Package: nameref 2023-11-26 v2.56 Cross-referencing by name of section

(/usr/local/texlive/2025basic/texmf-dist/tex/latex/refcount/refcount.sty
Package: refcount 2019/12/15 v3.6 Data extraction from label references (HO)

(/usr/local/texlive/2025basic/texmf-dist/tex/generic/ltxcmds/ltxcmds.sty
Package: ltxcmds 2023-12-04 v1.26 LaTeX kernel commands for general use (HO)
)
(/usr/local/texlive/2025basic/texmf-dist/tex/generic/infwarerr/infwarerr.sty
Package: infwarerr 2019/12/03 v1.5 Providing info/warning/error messages (HO)
))
(/usr/local/texlive/2025basic/texmf-dist/tex/generic/gettitlestring/gettitlestr
ing.sty
Package: gettitlestring 2019/12/15 v1.6 Cleanup title references (HO)

(/usr/local/texlive/2025basic/texmf-dist/tex/latex/kvoptions/kvoptions.sty
Package: kvoptions 2022-06-15 v3.15 Key value format for package options (HO)

(/usr/local/texlive/2025basic/texmf-dist/tex/latex/graphics/keyval.sty
Package: keyval 2022/05/29 v1.15 key=value parser (DPC)
\KV@toks@=\toks21
)
(/usr/local/texlive/2025basic/texmf-dist/tex/latex/kvsetkeys/kvsetkeys.sty
Package: kvsetkeys 2022-10-05 v1.19 Key value parser (HO)
)))
\c@section@level=\count295
)
\tocentryskip=\skip134
\tocbaseline=\skip135
\cftparskip=\skip136
\cftbeforebookskip=\skip137
\cftbookindent=\dimen175
\cftbooknumwidth=\dimen176
\cftbeforepartskip=\skip138
\cftpartindent=\skip139
\cftpartnumwidth=\skip140
\cftbeforechapterskip=\skip141
\cftchapterindent=\skip142
\cftchapternumwidth=\skip143
\cftbeforesectionskip=\skip144
\cftsectionindent=\skip145
\cftsectionnumwidth=\skip146
\cftbeforesubsectionskip=\skip147
\cftsubsectionindent=\skip148
\cftsubsectionnumwidth=\skip149
\cftbeforesubsubsectionskip=\skip150
\cftsubsubsectionindent=\skip151
\cftsubsubsectionnumwidth=\skip152
\cftbeforeparagraphskip=\skip153
\cftparagraphindent=\skip154
\cftparagraphnumwidth=\skip155
\cftbeforesubparagraphskip=\skip156
\cftsubparagraphindent=\skip157
\cftsubparagraphnumwidth=\skip158
\prechapterprecisshift=\dimen177
\c@maxsecnumdepth=\count296
\bibindent=\dimen178
\bibitemsep=\skip159
\indexcolsep=\skip160
\indexrule=\skip161
\indexmarkstyle=\toks22
\@indexbox=\insert252
LaTeX Info: Redefining \raggedbottom on input line 8107.
LaTeX Info: Redefining \flushbottom on input line 8111.
\glossarycolsep=\dimen179
\glossaryrule=\dimen180
\sideparvshift=\skip162
\sideins=\insert251
\sidebartopsep=\skip163
\sidebarhsep=\skip164
\sidebarvsep=\skip165
\sidebarwidth=\skip166
\footmarkwidth=\skip167
\footmarksep=\skip168
\footparindent=\skip169
\footinsdim=\skip170
\footinsv@r=\insert250
\@mpfootinsv@r=\insert249
\m@m@k=\count297
\m@m@h=\dimen181
\m@mipn@skip=\skip171
\sidefootins=\insert248
\sidefootadjust=\skip172
\sidefootheight=\skip173
\sidefoothsep=\skip174
\sidefootvsep=\skip175
\sidefootwidth=\skip176
\m@mdownsf=\skip177
\c@sidefootnote=\count298
\sidefootmarkwidth=\skip178
\sidefootmarksep=\skip179
\sidefootparindent=\skip180
\c@pagenote=\count299
\c@pagenoteshadow=\count300
\mem@pn@lastkern=\skip181

(/usr/local/texlive/2025basic/texmf-dist/tex/latex/tools/verbatim.sty
Package: verbatim 2024-01-22 v1.5x LaTeX2e package for verbatim enhancements
\every@verbatim=\toks23
\verbatim@line=\toks24
\verbatim@in@stream=\read2
)
\verbatimindent=\skip182
\verbatim@out=\write3

(/usr/local/texlive/2025basic/texmf-dist/tex/latex/base/shortvrb.sty
Package: shortvrb 2024/10/23 v3.0q Standard LaTeX documentation package V3 (FMi
)
)
\bvboxsep=\skip183
\c@memfbvline=\count301
\c@bvlinectr=\count302
\bvnumlength=\skip184
\fb@frw=\dimen182
\fb@frh=\dimen183
\FrameRule=\dimen184
\FrameSep=\dimen185
\c@cp@cntr=\count303
\c@ism@mctr=\count304
\c@xsm@mctr=\count305
\c@csm@mctr=\count306
\c@ksm@mctr=\count307
\c@xksm@mctr=\count308
\c@cksm@mctr=\count309
\c@msm@mctr=\count310
\c@xmsm@mctr=\count311
\c@cmsm@mctr=\count312
\c@bsm@mctr=\count313
\c@workm@mctr=\count314
\c@sheetsequence=\count315
\c@lastsheet=\count316
\c@lastpage=\count317

(/usr/local/texlive/2025basic/texmf-dist/tex/latex/textcase/textcase.sty
Package: textcase 2025/02/16 v1.05 Text only upper/lower case changing (DPC)
Package textcase Info: Defining Legacy names on input line 20.
)
\c@figure=\count318
\c@lofdepth=\count319
\cftbeforefigureskip=\skip185
\cftfigureindent=\skip186
\cftfigurenumwidth=\skip187
\c@table=\count320
\c@lotdepth=\count321
\cftbeforetableskip=\skip188
\cfttableindent=\skip189
\cfttablenumwidth=\skip190
Package abstract [2008/07/23] emulated by memoir.
Package appendix [2008/07/23] emulated by memoir.
Package ccaption [2008/07/23] emulated by memoir.
Package changepage [2008/07/23] emulated by memoir.
Package chngcntr [2008/07/23] emulated by memoir.
Package chngpage [2008/07/23] emulated by memoir.
Package crop emulated by memoir.
Package enumerate [2008/07/23] emulated by memoir.
Package epigraph [2008/07/23] emulated by memoir.
Package ifmtarg [2008/07/23] emulated by memoir.
Package index [2008/07/23] emulated by memoir.
Package makeidx [2008/07/23] emulated by memoir.
Package moreverb [2008/07/23] emulated by memoir.
Package needspace [2008/07/23] emulated by memoir.
Package newfile [2008/07/23] emulated by memoir.
Package nextpage [2008/07/23] emulated by memoir.
Package pagenote [2008/07/23] emulated by memoir.
Package parskip [2008/07/23] emulated by memoir.
Package patchcmd [2008/07/23] emulated by memoir.
Package setspace [2008/07/23] emulated by memoir.
Package showidx [2008/07/23] emulated by memoir.
Package titleref [2008/07/23] emulated by memoir.
Package titling [2008/07/23] emulated by memoir.
Package tocbibind [2008/07/23] emulated by memoir.
Package tocloft [2008/07/23] emulated by memoir.
Package tocvsec2 [2008/07/23] emulated by memoir.
Package verse [2008/07/23] emulated by memoir.
)
(/usr/local/texlive/2025basic/texmf-dist/tex/latex/hyperref/hyperref.sty
Package: hyperref 2024-11-05 v7.01l Hypertext links for LaTeX

(/usr/local/texlive/2025basic/texmf-dist/tex/generic/kvdefinekeys/kvdefinekeys.
sty
Package: kvdefinekeys 2019-12-19 v1.6 Define keys (HO)
)
(/usr/local/texlive/2025basic/texmf-dist/tex/generic/pdfescape/pdfescape.sty
Package: pdfescape 2019/12/09 v1.15 Implements pdfTeX's escape features (HO)

(/usr/local/texlive/2025basic/texmf-dist/tex/generic/pdftexcmds/pdftexcmds.sty
Package: pdftexcmds 2020-06-27 v0.33 Utility functions of pdfTeX for LuaTeX (HO
)
Package pdftexcmds Info: \pdf@primitive is available.
Package pdftexcmds Info: \pdf@ifprimitive is available.
Package pdftexcmds Info: \pdfdraftmode found.
)) (/usr/local/texlive/2025basic/texmf-dist/tex/latex/hycolor/hycolor.sty
Package: hycolor 2020-01-27 v1.10 Color options for hyperref/bookmark (HO)
)
(/usr/local/texlive/2025basic/texmf-dist/tex/generic/stringenc/stringenc.sty
Package: stringenc 2019/11/29 v1.12 Convert strings between diff. encodings (HO
)
)
\@linkdim=\dimen186
\Hy@linkcounter=\count322
\Hy@pagecounter=\count323

(/usr/local/texlive/2025basic/texmf-dist/tex/latex/hyperref/pd1enc.def
File: pd1enc.def 2024-11-05 v7.01l Hyperref: PDFDocEncoding definition (HO)
Now handling font encoding PD1 ...
... no UTF-8 mapping file for font encoding PD1
)
(/usr/local/texlive/2025basic/texmf-dist/tex/generic/intcalc/intcalc.sty
Package: intcalc 2019/12/15 v1.3 Expandable calculations with integers (HO)
)
\Hy@SavedSpaceFactor=\count324

(/usr/local/texlive/2025basic/texmf-dist/tex/latex/hyperref/puenc.def
File: puenc.def 2024-11-05 v7.01l Hyperref: PDF Unicode definition (HO)
Now handling font encoding PU ...
... no UTF-8 mapping file for font encoding PU
)
Package hyperref Info: Hyper figures OFF on input line 4157.
Package hyperref Info: Link nesting OFF on input line 4162.
Package hyperref Info: Hyper index ON on input line 4165.
Package hyperref Info: Plain pages OFF on input line 4172.
Package hyperref Info: Backreferencing OFF on input line 4177.
Package hyperref Info: Implicit mode ON; LaTeX internals redefined.
Package hyperref Info: Bookmarks ON on input line 4424.
\c@Hy@tempcnt=\count325

(/usr/local/texlive/2025basic/texmf-dist/tex/latex/url/url.sty
\Urlmuskip=\muskip17
Package: url 2013/09/16  ver 3.4  Verb mode for urls, etc.
)
LaTeX Info: Redefining \url on input line 4763.
\XeTeXLinkMargin=\dimen187

(/usr/local/texlive/2025basic/texmf-dist/tex/generic/bitset/bitset.sty
Package: bitset 2019/12/09 v1.3 Handle bit-vector datatype (HO)

(/usr/local/texlive/2025basic/texmf-dist/tex/generic/bigintcalc/bigintcalc.sty
Package: bigintcalc 2019/12/15 v1.5 Expandable calculations on big integers (HO
)
))
\Fld@menulength=\count326
\Field@Width=\dimen188
\Fld@charsize=\dimen189
Package hyperref Info: Hyper figures OFF on input line 6042.
Package hyperref Info: Link nesting OFF on input line 6047.
Package hyperref Info: Hyper index ON on input line 6050.
Package hyperref Info: backreferencing OFF on input line 6057.
Package hyperref Info: Link coloring OFF on input line 6062.
Package hyperref Info: Link coloring with OCG OFF on input line 6067.
Package hyperref Info: PDF/A mode OFF on input line 6072.
 (/usr/local/texlive/2025basic/texmf-dist/tex/latex/base/atbegshi-ltx.sty
Package: atbegshi-ltx 2021/01/10 v1.0c Emulation of the original atbegshi
package with kernel methods
)
\Hy@abspage=\count327
\c@Item=\count328
\c@Hfootnote=\count329
)
Package hyperref Info: Driver (autodetected): hpdftex.

(/usr/local/texlive/2025basic/texmf-dist/tex/latex/hyperref/hpdftex.def
File: hpdftex.def 2024-11-05 v7.01l Hyperref driver for pdfTeX

(/usr/local/texlive/2025basic/texmf-dist/tex/latex/base/atveryend-ltx.sty
Package: atveryend-ltx 2020/08/19 v1.0a Emulation of the original atveryend pac
kage
with kernel methods
)
\Fld@listcount=\count330
\c@bookmark@seq@number=\count331

(/usr/local/texlive/2025basic/texmf-dist/tex/latex/rerunfilecheck/rerunfilechec
k.sty
Package: rerunfilecheck 2022-07-10 v1.10 Rerun checks for auxiliary files (HO)

(/usr/local/texlive/2025basic/texmf-dist/tex/generic/uniquecounter/uniquecounte
r.sty
Package: uniquecounter 2019/12/15 v1.4 Provide unlimited unique counter (HO)
)
Package uniquecounter Info: New unique counter `rerunfilecheck' on input line 2
85.
)
\Hy@SectionHShift=\skip191
) (/usr/local/texlive/2025basic/texmf-dist/tex/latex/memoir/memhfixc.sty
Package: memhfixc 2025/03/06 v1.23 hyperref package fixes for memoir class
\c@memhycontfloat=\count332
\c@mem@Hpagenote=\count333
) (/usr/local/texlive/2025basic/texmf-dist/tex/latex/bookmark/bookmark.sty
Package: bookmark 2023-12-10 v1.31 PDF bookmarks (HO)

(/usr/local/texlive/2025basic/texmf-dist/tex/latex/bookmark/bkm-pdftex.def
File: bkm-pdftex.def 2023-12-10 v1.31 bookmark driver for pdfTeX and luaTeX (HO
)
\BKM@id=\count334
))
(/usr/local/texlive/2025basic/texmf-dist/tex/generic/babel/babel.sty
Package: babel 2025/02/14 v25.4 The multilingual framework for pdfLaTeX, LuaLaT
eX and XeLaTeX
\babel@savecnt=\count335
\U@D=\dimen190
\l@unhyphenated=\language90

(/usr/local/texlive/2025basic/texmf-dist/tex/generic/babel/txtbabel.def)
\bbl@readstream=\read3
\bbl@dirlevel=\count336

(/usr/local/texlive/2025basic/texmf-dist/tex/generic/babel-english/english.ldf
Language: english 2017/06/06 v3.3r English support from the babel system
Package babel Info: Hyphen rules for 'canadian' set to \l@english
(babel)             (\language0). Reported on input line 102.
Package babel Info: Hyphen rules for 'australian' set to \l@ukenglish
(babel)             (\language22). Reported on input line 105.
Package babel Info: Hyphen rules for 'newzealand' set to \l@ukenglish
(babel)             (\language22). Reported on input line 108.
) (/usr/local/texlive/2025basic/texmf-dist/tex/generic/babel-portuges/brazil.ld
f
Language: portuges 2021/07/09 v1.2t Portuguese support from the babel system
Package babel Info: Hyphen rules for 'brazil' set to \l@portuguese
(babel)             (\language72). Reported on input line 111.
Package babel Info: Making " an active character on input line 143.
))
(/usr/local/texlive/2025basic/texmf-dist/tex/generic/babel/locale/en/babel-engl
ish.tex
Package babel Info: Importing font and identification data for english
(babel)             from babel-en.ini. Reported on input line 11.
)
(/usr/local/texlive/2025basic/texmf-dist/tex/latex/enumitem/enumitem.sty
Package: enumitem 2025/02/06 v3.11 Customized lists
\labelindent=\skip192
\enit@outerparindent=\dimen191
\enit@toks=\toks25
\enit@inbox=\box58
\enit@count@id=\count337
\enitdp@description=\count338
)
(/usr/local/texlive/2025basic/texmf-dist/tex/latex/tools/calc.sty
Package: calc 2023/07/08 v4.3 Infix arithmetic (KKT,FJ)
\calc@Acount=\count339
\calc@Bcount=\count340
\calc@Adimen=\dimen192
\calc@Bdimen=\dimen193
\calc@Askip=\skip193
\calc@Bskip=\skip194
LaTeX Info: Redefining \setlength on input line 80.
LaTeX Info: Redefining \addtolength on input line 81.
\calc@Ccount=\count341
\calc@Cskip=\skip195
)

******************************************************
Stock height and width: 845.04684pt by 597.50787pt
Top and edge trims: 0pt and 0pt
Page height and width: 845.04684pt by 597.50787pt
Text height and width: 708pt by 455pt
Spine and edge margins: 85.35826pt and 56.9055pt
Upper and lower margins: 85.35826pt and 51.68858pt
Headheight and headsep: 14.5pt and 19.8738pt
Footskip: 30pt
Columnsep and columnseprule: 10pt and 0pt
Marginparsep and marginparwidth: 7pt and 42.9055pt
Sidecapsep and sidecapwidth: 7pt and 42pt
Sidebarhsep and sidebarwidth: 7pt and 42pt
Sidebarvsep and sidebartopsep: 14.5pt and 0pt
Sidebarheight: 590.14995pt
Sidefoothsep and sidefootwidth: 7pt and 42pt
Sidefootvsep and sidefootheight: 14.5pt and 590.14995pt
******************************************************

\c@abntex@bookmarkcounter=\count342
\cftlastnumwidth=\skip196
\chapternamenumlength=\skip197
\ABNTEXcitacaorecuo=\skip198
\c@alineasi=\count343
\c@alineasii=\count344
\enitdp@alineas=\count345
\c@subalineasi=\count346
\enitdp@subalineas=\count347
\c@incisosi=\count348
\enitdp@incisos=\count349
\ABNTEXsignwidth=\skip199
\ABNTEXsignthickness=\skip256
\ABNTEXsignskip=\skip257
) (./setup/ufscthesisA4-alf.sty
(/usr/local/texlive/2025basic/texmf-dist/tex/latex/lm/lmodern.sty
Package: lmodern 2015/05/01 v1.6.1 Latin Modern Fonts
LaTeX Font Info:    Overwriting symbol font `operators' in version `normal'
(Font)                  OT1/cmr/m/n --> OT1/lmr/m/n on input line 22.
LaTeX Font Info:    Overwriting symbol font `letters' in version `normal'
(Font)                  OML/cmm/m/it --> OML/lmm/m/it on input line 23.
LaTeX Font Info:    Overwriting symbol font `symbols' in version `normal'
(Font)                  OMS/cmsy/m/n --> OMS/lmsy/m/n on input line 24.
LaTeX Font Info:    Overwriting symbol font `largesymbols' in version `normal'
(Font)                  OMX/cmex/m/n --> OMX/lmex/m/n on input line 25.
LaTeX Font Info:    Overwriting symbol font `operators' in version `bold'
(Font)                  OT1/cmr/bx/n --> OT1/lmr/bx/n on input line 26.
LaTeX Font Info:    Overwriting symbol font `letters' in version `bold'
(Font)                  OML/cmm/b/it --> OML/lmm/b/it on input line 27.
LaTeX Font Info:    Overwriting symbol font `symbols' in version `bold'
(Font)                  OMS/cmsy/b/n --> OMS/lmsy/b/n on input line 28.
LaTeX Font Info:    Overwriting symbol font `largesymbols' in version `bold'
(Font)                  OMX/cmex/m/n --> OMX/lmex/m/n on input line 29.
LaTeX Font Info:    Overwriting math alphabet `\mathbf' in version `normal'
(Font)                  OT1/cmr/bx/n --> OT1/lmr/bx/n on input line 31.
LaTeX Font Info:    Overwriting math alphabet `\mathsf' in version `normal'
(Font)                  OT1/cmss/m/n --> OT1/lmss/m/n on input line 32.
LaTeX Font Info:    Overwriting math alphabet `\mathit' in version `normal'
(Font)                  OT1/cmr/m/it --> OT1/lmr/m/it on input line 33.
LaTeX Font Info:    Overwriting math alphabet `\mathtt' in version `normal'
(Font)                  OT1/cmtt/m/n --> OT1/lmtt/m/n on input line 34.
LaTeX Font Info:    Overwriting math alphabet `\mathbf' in version `bold'
(Font)                  OT1/cmr/bx/n --> OT1/lmr/bx/n on input line 35.
LaTeX Font Info:    Overwriting math alphabet `\mathsf' in version `bold'
(Font)                  OT1/cmss/bx/n --> OT1/lmss/bx/n on input line 36.
LaTeX Font Info:    Overwriting math alphabet `\mathit' in version `bold'
(Font)                  OT1/cmr/bx/it --> OT1/lmr/bx/it on input line 37.
LaTeX Font Info:    Overwriting math alphabet `\mathtt' in version `bold'
(Font)                  OT1/cmtt/m/n --> OT1/lmtt/m/n on input line 38.
)
(/usr/local/texlive/2025basic/texmf-dist/tex/latex/base/fontenc.sty
Package: fontenc 2021/04/29 v2.0v Standard LaTeX package
LaTeX Font Info:    Trying to load font information for T1+lmr on input line 11
6.

(/usr/local/texlive/2025basic/texmf-dist/tex/latex/lm/t1lmr.fd
File: t1lmr.fd 2015/05/01 v1.6.1 Font defs for Latin Modern
))
(/usr/local/texlive/2025basic/texmf-dist/tex/latex/base/inputenc.sty
Package: inputenc 2024/02/08 v1.3d Input encoding file
\inpenc@prehook=\toks26
\inpenc@posthook=\toks27
)
(/usr/local/texlive/2025basic/texmf-dist/tex/latex/tools/indentfirst.sty
Package: indentfirst 2023/07/02 v1.03 Indent first paragraph (DPC)
)
(/usr/local/texlive/2025basic/texmf-dist/tex/latex/graphics/color.sty
Package: color 2024/06/23 v1.3e Standard LaTeX Color (DPC)

(/usr/local/texlive/2025basic/texmf-dist/tex/latex/graphics-cfg/color.cfg
File: color.cfg 2016/01/02 v1.6 sample color configuration
)
Package color Info: Driver file: pdftex.def on input line 149.

(/usr/local/texlive/2025basic/texmf-dist/tex/latex/graphics-def/pdftex.def
File: pdftex.def 2024/04/13 v1.2c Graphics/color driver for pdftex
)
(/usr/local/texlive/2025basic/texmf-dist/tex/latex/graphics/mathcolor.ltx))
(/usr/local/texlive/2025basic/texmf-dist/tex/latex/graphics/graphicx.sty
Package: graphicx 2021/09/16 v1.2d Enhanced LaTeX Graphics (DPC,SPQR)

(/usr/local/texlive/2025basic/texmf-dist/tex/latex/graphics/graphics.sty
Package: graphics 2024/08/06 v1.4g Standard LaTeX Graphics (DPC,SPQR)

(/usr/local/texlive/2025basic/texmf-dist/tex/latex/graphics/trig.sty
Package: trig 2023/12/02 v1.11 sin cos tan (DPC)
)
(/usr/local/texlive/2025basic/texmf-dist/tex/latex/graphics-cfg/graphics.cfg
File: graphics.cfg 2016/06/04 v1.11 sample graphics configuration
)
Package graphics Info: Driver file: pdftex.def on input line 106.
)
\Gin@req@height=\dimen194
\Gin@req@width=\dimen195
) (/usr/local/texlive/2025basic/texmf-dist/tex/latex/microtype/microtype.sty
Package: microtype 2025/02/11 v3.2a Micro-typographical refinements (RS)
\MT@toks=\toks28
\MT@tempbox=\box59
\MT@count=\count350
LaTeX Info: Redefining \noprotrusionifhmode on input line 1087.
LaTeX Info: Redefining \leftprotrusion on input line 1088.
\MT@prot@toks=\toks29
LaTeX Info: Redefining \rightprotrusion on input line 1107.
LaTeX Info: Redefining \textls on input line 1449.
\MT@outer@kern=\dimen196
LaTeX Info: Redefining \microtypecontext on input line 2053.
LaTeX Info: Redefining \textmicrotypecontext on input line 2070.
\MT@listname@count=\count351

(/usr/local/texlive/2025basic/texmf-dist/tex/latex/microtype/microtype-pdftex.d
ef
File: microtype-pdftex.def 2025/02/11 v3.2a Definitions specific to pdftex (RS)

LaTeX Info: Redefining \lsstyle on input line 944.
LaTeX Info: Redefining \lslig on input line 944.
\MT@outer@space=\skip258
)
Package microtype Info: Loading configuration file microtype.cfg.
 (/usr/local/texlive/2025basic/texmf-dist/tex/latex/microtype/microtype.cfg
File: microtype.cfg 2025/02/11 v3.2a microtype main configuration file (RS)
)
LaTeX Info: Redefining \microtypesetup on input line 3065.
) (/usr/local/texlive/2025basic/texmf-dist/tex/latex/lastpage/lastpage.sty
Package: lastpage 2025/08/14 v2.1h lastpage: 2.09 or 2e? (HMM)

(/usr/local/texlive/2025basic/texmf-dist/tex/latex/lastpage/lastpage2e.sty
Package: lastpage2e 2025/08/14 v2.1h Decide which 2e lastpage version to use (H
MM)

(/usr/local/texlive/2025basic/texmf-dist/tex/latex/lastpage/lastpagemodern.sty
Package: lastpagemodern 2025-08-14 v2.1h Refers to last page's name (HMM; JPG)
\c@lastpagecount=\count352
) 
)) (/usr/local/texlive/2025basic/texmf-dist/tex/latex/base/fix-cm.sty
Package: fix-cm 2020/11/24 v1.1t fixes to LaTeX

(/usr/local/texlive/2025basic/texmf-dist/tex/latex/base/ts1enc.def
File: ts1enc.def 2001/06/05 v3.0e (jk/car/fm) Standard LaTeX file
LaTeX Font Info:    Redeclaring font encoding TS1 on input line 47.
))
(/usr/local/texlive/2025basic/texmf-dist/tex/latex/pdfpages/pdfpages.sty
Package: pdfpages 2025/01/30 v0.6e Insert pages of external PDF documents (AM)

(/usr/local/texlive/2025basic/texmf-dist/tex/latex/eso-pic/eso-pic.sty
Package: eso-pic 2023/05/03 v3.0c eso-pic (RN)
\ESO@tempdima=\dimen197
\ESO@tempdimb=\dimen198
)
\AM@pagewidth=\dimen199
\AM@pageheight=\dimen256
\AM@fboxrule=\dimen257

(/usr/local/texlive/2025basic/texmf-dist/tex/latex/pdfpages/pppdftex.def
File: pppdftex.def 2025/01/30 v0.6e Pdfpages driver for pdfTeX (AM)
)
\pdfpages@includegraphics@status=\count353
\AM@pagebox=\box60
\AM@global@opts=\toks30
\AM@pagecnt=\count354
\AM@toc@title=\toks31
\AM@lof@heading=\toks32
\c@AM@survey=\count355
\AM@templatesizebox=\box61
)
(/usr/local/texlive/2025basic/texmf-dist/tex/latex/csquotes/csquotes.sty
Package: csquotes 2024-04-04 v5.2o context-sensitive quotations (JAW)
\csq@reset=\count356
\csq@gtype=\count357
\csq@glevel=\count358
\csq@qlevel=\count359
\csq@maxlvl=\count360
\csq@tshold=\count361
\csq@ltx@everypar=\toks33

(/usr/local/texlive/2025basic/texmf-dist/tex/latex/csquotes/csquotes.def
File: csquotes.def 2024-04-04 v5.2o csquotes generic definitions (JAW)
)
Package csquotes Info: Trying to load configuration file 'csquotes.cfg'...
Package csquotes Info: ... configuration file loaded successfully.

(/usr/local/texlive/2025basic/texmf-dist/tex/latex/csquotes/csquotes.cfg
File: csquotes.cfg 
))
(/usr/local/texlive/2025basic/texmf-dist/tex/latex/glossaries/base/glossaries.s
ty
Package: glossaries 2025/08/11 v4.8 (NLCT)
 (/usr/local/texlive/2025basic/texmf-dist/tex/latex/xkeyval/xkeyval.sty
Package: xkeyval 2022/06/16 v2.9 package option processing (HA)

(/usr/local/texlive/2025basic/texmf-dist/tex/generic/xkeyval/xkeyval.tex
(/usr/local/texlive/2025basic/texmf-dist/tex/generic/xkeyval/xkvutils.tex
\XKV@toks=\toks34
\XKV@tempa@toks=\toks35
)
\XKV@depth=\count362
File: xkeyval.tex 2014/12/03 v2.7a key=value parser (HA)
))
(/usr/local/texlive/2025basic/texmf-dist/tex/latex/mfirstuc/mfirstuc.sty
Package: mfirstuc 2025/04/03 v2.09 (NLCT)
\@glsmfirst=\toks36
\@glsmrest=\toks37
)
(/usr/local/texlive/2025basic/texmf-dist/tex/latex/xfor/xfor.sty
Package: xfor 2009/02/05 v1.05 (NLCT)
)
(/usr/local/texlive/2025basic/texmf-dist/tex/latex/amsmath/amsgen.sty
File: amsgen.sty 1999/11/30 v2.0 generic functions
\@emptytoks=\toks38
\ex@=\dimen258
)
(/usr/local/texlive/2025basic/texmf-dist/tex/latex/tracklang/tracklang.sty
Package: tracklang 2025/03/11 v1.6.6 (NLCT) Track Languages

(/usr/local/texlive/2025basic/texmf-dist/tex/generic/tracklang/tracklang.tex)
Package tracklang Info: Tracking dialect `english' (language `english') on inpu
t line 53.
Package tracklang Info: Tracking dialect `brazil' (language `portuges') on inpu
t line 53.
)
(/usr/local/texlive/2025basic/texmf-dist/tex/latex/glossaries-english/glossarie
s-english.ldf
File: glossaries-english.ldf 2014/11/23 v1.0
)
(/usr/local/texlive/2025basic/texmf-dist/tex/latex/glossaries-portuges/glossari
es-pt-BR.ldf
File: glossaries-pt-BR.ldf 2014/11/23 v1.0

(/usr/local/texlive/2025basic/texmf-dist/tex/latex/glossaries-portuges/glossari
es-portuges-utf8.ldf))
(/usr/local/texlive/2025basic/texmf-dist/tex/latex/datatool/datatool-base.sty
Package: datatool-base 2025/04/25 v3.4.1 (NLCT)

(/usr/local/texlive/2025basic/texmf-dist/tex/latex/amsmath/amsmath.sty
Package: amsmath 2024/11/05 v2.17t AMS math features
\@mathmargin=\skip259

For additional information on amsmath, use the `?' option.
(/usr/local/texlive/2025basic/texmf-dist/tex/latex/amsmath/amstext.sty
Package: amstext 2021/08/26 v2.01 AMS text
)
(/usr/local/texlive/2025basic/texmf-dist/tex/latex/amsmath/amsbsy.sty
Package: amsbsy 1999/11/29 v1.2d Bold Symbols
\pmbraise@=\dimen259
)
(/usr/local/texlive/2025basic/texmf-dist/tex/latex/amsmath/amsopn.sty
Package: amsopn 2022/04/08 v2.04 operator names
)
\inf@bad=\count363
LaTeX Info: Redefining \frac on input line 233.
\uproot@=\count364
\leftroot@=\count365
LaTeX Info: Redefining \overline on input line 398.
LaTeX Info: Redefining \colon on input line 409.
\classnum@=\count366
\DOTSCASE@=\count367
LaTeX Info: Redefining \ldots on input line 495.
LaTeX Info: Redefining \dots on input line 498.
LaTeX Info: Redefining \cdots on input line 619.
\Mathstrutbox@=\box62
\strutbox@=\box63
LaTeX Info: Redefining \big on input line 721.
LaTeX Info: Redefining \Big on input line 722.
LaTeX Info: Redefining \bigg on input line 723.
LaTeX Info: Redefining \Bigg on input line 724.
\big@size=\dimen260
LaTeX Font Info:    Redeclaring font encoding OML on input line 742.
LaTeX Font Info:    Redeclaring font encoding OMS on input line 743.
\macc@depth=\count368
LaTeX Info: Redefining \bmod on input line 904.
LaTeX Info: Redefining \pmod on input line 909.
LaTeX Info: Redefining \smash on input line 939.
LaTeX Info: Redefining \relbar on input line 969.
LaTeX Info: Redefining \Relbar on input line 970.
\c@MaxMatrixCols=\count369
\dotsspace@=\muskip18
\c@parentequation=\count370
\dspbrk@lvl=\count371
\tag@help=\toks39
\row@=\count372
\column@=\count373
\maxfields@=\count374
\andhelp@=\toks40
\eqnshift@=\dimen261
\alignsep@=\dimen262
\tagshift@=\dimen263
\tagwidth@=\dimen264
\totwidth@=\dimen265
\lineht@=\dimen266
\@envbody=\toks41
\multlinegap=\skip260
\multlinetaggap=\skip261
\mathdisplay@stack=\toks42
LaTeX Info: Redefining \[ on input line 2953.
LaTeX Info: Redefining \] on input line 2954.
)
(/usr/local/texlive/2025basic/texmf-dist/tex/latex/datatool/datatool-l3fp.def
File: datatool-l3fp.def 2025/04/25 v3.4.1 (NLCT)
)
\@dtl@toks=\toks43
\@dtl@tmpcount=\count375
\dtl@tmplength=\skip262
\l__datatool_measure_box=\box64
\dtl@sortresult=\count376

(/usr/local/texlive/2025basic/texmf-dist/tex/latex/datatool/datatool-utf8.ldf
File: datatool-utf8.ldf 2025/04/25 v3.4.1 (NLCT)
)
\@dtl@datatype=\count377
\l__datatool_tmpa_int=\count378
\l__datatool_tmpb_int=\count379
\l__datatool_tmpc_int=\count380
\l__datatool_tmpd_int=\count381
\l__datatool_count_int=\count382
\l__datatool_tmp_datatype_int=\count383
\l__datatool_tmpa_dim=\dimen267
\l__datatool_tmpb_dim=\dimen268
\c_datatool_unknown_int=\count384
\l__datatool_year_int=\count385
\l__datatool_month_int=\count386
\l__datatool_day_int=\count387
\l__datatool_hour_int=\count388
\l__datatool_minute_int=\count389
\l__datatool_second_int=\count390
\l__datatool_tzhour_int=\count391
\l__datatool_tzminute_int=\count392
\l__datatool_julian_int=\count393
\l__datatool_local_julian_int=\count394
\l__datatool_prefix_int=\count395
\l__datatool_suffix_int=\count396
\@dtl@foreach@level=\count397

(/usr/local/texlive/2025basic/texmf-dist/tex/latex/datatool-english/datatool-en
glish.ldf
File: datatool-english.ldf 2025/03/12 v1.1 (NLCT)

(/usr/local/texlive/2025basic/texmf-dist/tex/latex/datatool-english/datatool-en
glish-utf8.ldf
File: datatool-english-utf8.ldf 2025/03/12 v1.1 (NLCT)
))

Package tracklang Warning: No `datatool' support for dialect `brazil'  on input
 line 9908.


Package tracklang Warning: No `datatool' support for dialect `brazil'  on input
 line 9908.

\dtl@codeA=\count398
\dtl@codeB=\count399
)
\gls@level=\count400
\@gls@tmpb=\toks44
\gls@tmplen=\skip263


Package glossaries Warning: Overriding \printglossary on input line 6477.

\l__glossaries_tmpa_dim=\dimen269
\l__glossaries_tmpb_dim=\dimen270
\c@glossarysubentry=\count401

Package glossaries Warning: Overriding `theglossary' environment on input line 
7676.

\glskeylisttok=\toks45
\glslabeltok=\toks46
\glsshorttok=\toks47
\glslongtok=\toks48

(/usr/local/texlive/2025basic/texmf-dist/tex/latex/glossaries/styles/glossary-h
ypernav.sty
Package: glossary-hypernav 2025/08/11 v4.8 (NLCT)
)
(/usr/local/texlive/2025basic/texmf-dist/tex/latex/glossaries/styles/glossary-l
ist.sty
Package: glossary-list 2025/08/11 v4.8 (NLCT)
\glslistdottedwidth=\skip264
)
(/usr/local/texlive/2025basic/texmf-dist/tex/latex/glossaries/styles/glossary-l
ong.sty
Package: glossary-long 2025/08/11 v4.8 (NLCT)
 (/usr/local/texlive/2025basic/texmf-dist/tex/latex/tools/longtable.sty
Package: longtable 2024-10-27 v4.22 Multi-page Table package (DPC)
\LTleft=\skip265
\LTright=\skip266
\LTpre=\skip267
\LTpost=\skip268
\LTchunksize=\count402
\LTcapwidth=\dimen271
\LT@head=\box65
\LT@firsthead=\box66
\LT@foot=\box67
\LT@lastfoot=\box68
\LT@gbox=\box69
\LT@cols=\count403
\LT@rows=\count404
\c@LT@tables=\count405
\c@LT@chunks=\count406
\LT@p@ftn=\toks49
)
\glsdescwidth=\skip269
\glspagelistwidth=\skip270
)
(/usr/local/texlive/2025basic/texmf-dist/tex/latex/glossaries/styles/glossary-t
ree.sty
Package: glossary-tree 2025/08/11 v4.8 (NLCT)
\l__glossaries_tree_max_known_level_int=\count407
\l__glossaries_tree_offset_dim=\dimen272
\l__glossaries_tree_namewidth_dim=\dimen273
\l__glossaries_tree_symbolwidth_dim=\dimen274
\l__glossaries_tree_prenamesym_width_dim=\dimen275
\l__glossaries_tree_presubnamesym_width_dim=\dimen276
\l__glossaries_tree_namewidth_padding_dim=\dimen277
\l__glossaries_tree_symbolwidth_padding_dim=\dimen278
\l__glossaries_tree_namesymbolwidth_dim=\dimen279
\l__glossaries_tree_namesymbolwidth_padding_dim=\dimen280
\l__glossaries_tree_level_int=\count408
\glstreeindent=\skip271
))
\c@quadro=\count409
\c@loqdepth=\count410
\cftbeforequadroskip=\skip272
\cftquadroindent=\skip273
\cftquadronumwidth=\skip274
)
(/usr/local/texlive/2025basic/texmf-dist/tex/latex/biblatex/biblatex.sty
Package: biblatex 2025/07/10 v3.21 programmable bibliographies (PK/MW)

(/usr/local/texlive/2025basic/texmf-dist/tex/latex/logreq/logreq.sty
Package: logreq 2010/08/04 v1.0 xml request logger
\lrq@indent=\count411

(/usr/local/texlive/2025basic/texmf-dist/tex/latex/logreq/logreq.def
File: logreq.def 2010/08/04 v1.0 logreq spec v1.0
))
\c@tabx@nest=\count412
\c@listtotal=\count413
\c@listcount=\count414
\c@liststart=\count415
\c@liststop=\count416
\c@citecount=\count417
\c@citetotal=\count418
\c@multicitecount=\count419
\c@multicitetotal=\count420
\c@instcount=\count421
\c@maxnames=\count422
\c@minnames=\count423
\c@maxitems=\count424
\c@minitems=\count425
\c@citecounter=\count426
\c@maxcitecounter=\count427
\c@savedcitecounter=\count428
\c@uniquelist=\count429
\c@uniquename=\count430
\c@refsection=\count431
\c@refsegment=\count432
\c@maxextratitle=\count433
\c@maxextratitleyear=\count434
\c@maxextraname=\count435
\c@maxextradate=\count436
\c@maxextraalpha=\count437
\c@abbrvpenalty=\count438
\c@highnamepenalty=\count439
\c@lownamepenalty=\count440
\c@maxparens=\count441
\c@parenlevel=\count442
\blx@tempcnta=\count443
\blx@tempcntb=\count444
\blx@tempcntc=\count445
\c@blx@maxsection=\count446
\blx@maxsegment@0=\count447
\blx@notetype=\count448
\blx@parenlevel@text=\count449
\blx@parenlevel@foot=\count450
\blx@sectionciteorder@0=\count451
\blx@sectionciteorderinternal@0=\count452
\blx@entrysetcounter=\count453
\blx@biblioinstance=\count454
\labelnumberwidth=\skip275
\labelalphawidth=\skip276
\biblabelsep=\skip277
\bibnamesep=\skip278
\bibinitsep=\skip279
\bibparsep=\skip280
\bibhang=\skip281
\blx@bcfin=\read4
\blx@bcfout=\write4
\blx@langwohyphens=\language91
\c@mincomprange=\count455
\c@maxcomprange=\count456
\c@mincompwidth=\count457
Package biblatex Info: Trying to load biblatex default data model...
Package biblatex Info: ... file 'blx-dm.def' found.

(/usr/local/texlive/2025basic/texmf-dist/tex/latex/biblatex/blx-dm.def
File: blx-dm.def 2025/07/10 v3.21 biblatex datamodel (PK/MW)
)
Package biblatex Info: Trying to load biblatex style data model...
Package biblatex Info: ... file 'abnt.dbx' not found.
Package biblatex Info: Trying to load biblatex custom data model...
Package biblatex Info: ... file 'biblatex-dm.cfg' not found.
\c@afterword=\count458
\c@savedafterword=\count459
\c@annotator=\count460
\c@savedannotator=\count461
\c@author=\count462
\c@savedauthor=\count463
\c@bookauthor=\count464
\c@savedbookauthor=\count465
\c@commentator=\count466
\c@savedcommentator=\count467
\c@editor=\count468
\c@savededitor=\count469
\c@editora=\count470
\c@savededitora=\count471
\c@editorb=\count472
\c@savededitorb=\count473
\c@editorc=\count474
\c@savededitorc=\count475
\c@foreword=\count476
\c@savedforeword=\count477
\c@holder=\count478
\c@savedholder=\count479
\c@introduction=\count480
\c@savedintroduction=\count481
\c@namea=\count482
\c@savednamea=\count483
\c@nameb=\count484
\c@savednameb=\count485
\c@namec=\count486
\c@savednamec=\count487
\c@translator=\count488
\c@savedtranslator=\count489
\c@shortauthor=\count490
\c@savedshortauthor=\count491
\c@shorteditor=\count492
\c@savedshorteditor=\count493
\c@labelname=\count494
\c@savedlabelname=\count495
\c@institution=\count496
\c@savedinstitution=\count497
\c@lista=\count498
\c@savedlista=\count499
\c@listb=\count500
\c@savedlistb=\count501
\c@listc=\count502
\c@savedlistc=\count503
\c@listd=\count504
\c@savedlistd=\count505
\c@liste=\count506
\c@savedliste=\count507
\c@listf=\count508
\c@savedlistf=\count509
\c@location=\count510
\c@savedlocation=\count511
\c@organization=\count512
\c@savedorganization=\count513
\c@origlocation=\count514
\c@savedoriglocation=\count515
\c@origpublisher=\count516
\c@savedorigpublisher=\count517
\c@publisher=\count518
\c@savedpublisher=\count519
\c@language=\count520
\c@savedlanguage=\count521
\c@origlanguage=\count522
\c@savedoriglanguage=\count523
\c@pageref=\count524
\c@savedpageref=\count525
\shorthandwidth=\skip282
\shortjournalwidth=\skip283
\shortserieswidth=\skip284
\shorttitlewidth=\skip285
\shortauthorwidth=\skip286
\shorteditorwidth=\skip287
\locallabelnumberwidth=\skip288
\locallabelalphawidth=\skip289
\localshorthandwidth=\skip290
\localshortjournalwidth=\skip291
\localshortserieswidth=\skip292
\localshorttitlewidth=\skip293
\localshortauthorwidth=\skip294
\localshorteditorwidth=\skip295
Package biblatex Info: Trying to load compatibility code...
Package biblatex Info: ... file 'blx-compat.def' found.

(/usr/local/texlive/2025basic/texmf-dist/tex/latex/biblatex/blx-compat.def
File: blx-compat.def 2025/07/10 v3.21 biblatex compatibility (PK/MW)
)
Package biblatex Info: Trying to load generic definitions...
Package biblatex Info: ... file 'biblatex.def' found.

(/usr/local/texlive/2025basic/texmf-dist/tex/latex/biblatex/biblatex.def
File: biblatex.def 2025/07/10 v3.21 biblatex compatibility (PK/MW)
\c@textcitecount=\count526
\c@textcitetotal=\count527
\c@textcitemaxnames=\count528
\c@biburlbigbreakpenalty=\count529
\c@biburlbreakpenalty=\count530
\c@biburlnumpenalty=\count531
\c@biburlucpenalty=\count532
\c@biburllcpenalty=\count533
\biburlbigskip=\muskip19
\biburlnumskip=\muskip20
\biburlucskip=\muskip21
\biburllcskip=\muskip22
\c@smartand=\count534
)
Package biblatex Info: Trying to load bibliography style 'abnt'...
Package biblatex Info: ... file 'abnt.bbx' found.

(/usr/local/texlive/2025basic/texmf-dist/tex/latex/biblatex-abnt/abnt.bbx
File: abnt.bbx 2018-11-17 v3.4 ABNT BibLaTeX citation style
Package biblatex Info: Trying to load bibliography style 'standard'...
Package biblatex Info: ... file 'standard.bbx' found.

(/usr/local/texlive/2025basic/texmf-dist/tex/latex/biblatex/bbx/standard.bbx
File: standard.bbx 2025/07/10 v3.21 biblatex bibliography style (PK/MW)
\c@bbx:relatedcount=\count535
\c@bbx:relatedtotal=\count536
))
Package biblatex Info: Trying to load citation style 'abnt'...
Package biblatex Info: ... file 'abnt.cbx' found.

(/usr/local/texlive/2025basic/texmf-dist/tex/latex/biblatex-abnt/abnt.cbx
File: abnt.cbx 2018-11-17 v3.4 ABNT BibLaTeX citation style
Package biblatex Info: Trying to load citation style 'authoryear-comp'...
Package biblatex Info: ... file 'authoryear-comp.cbx' found.

(/usr/local/texlive/2025basic/texmf-dist/tex/latex/biblatex/cbx/authoryear-comp
.cbx
File: authoryear-comp.cbx 2025/07/10 v3.21 biblatex citation style (PK/MW)
Package biblatex Info: Redefining '\cite'.
Package biblatex Info: Redefining '\parencite'.
Package biblatex Info: Redefining '\footcite'.
Package biblatex Info: Redefining '\footcitetext'.
Package biblatex Info: Redefining '\smartcite'.
Package biblatex Info: Redefining '\textcite'.
Package biblatex Info: Redefining '\textcites'.
Package biblatex Info: Redefining '\cites'.
Package biblatex Info: Redefining '\parencites'.
Package biblatex Info: Redefining '\footcites'.
Package biblatex Info: Redefining '\footcitetexts'.
Package biblatex Info: Redefining '\smartcites'.
)
Package biblatex Info: Redefining '\cite'.
Package biblatex Info: Redefining '\cites'.
Package biblatex Info: Redefining '\footcite'.
Package biblatex Info: Redefining '\footcites'.
Package biblatex Info: Redefining '\citetitle'.
Package biblatex Info: Redefining '\smartcite'.
Package biblatex Info: Redefining '\citeauthor'.
Package biblatex Info: Redefining '\citeyear'.
)
Package biblatex Info: Trying to load configuration file...
Package biblatex Info: ... file 'biblatex.cfg' found.
 (/usr/local/texlive/2025basic/texmf-dist/tex/latex/biblatex/biblatex.cfg
File: biblatex.cfg 
)
Package biblatex Info: Input encoding 'utf8' detected.
Package biblatex Info: Document encoding is UTF8 ....
Package biblatex Info: ... and expl3
(biblatex)             2025-01-18 L3 programming layer (loader) 
(biblatex)             is new enough (at least 2020/04/06),
(biblatex)             setting 'casechanger=expl3'.

(/usr/local/texlive/2025basic/texmf-dist/tex/latex/biblatex/blx-case-expl3.sty
Package: blx-case-expl3 2025/07/10 v3.21 expl3 case changing code for biblatex
))
Package color Info: Redefining color blue on input line 145.
Package hyperref Info: Option `colorlinks' set `true' on input line 161.
\main@idxfile=\write5
\openout5 = `main.idx'.


Writing index file main.idx 
Package csquotes Info: Checking for multilingual support...
Package csquotes Info: ... found 'babel' package.
Package csquotes Info: Adjusting default style.
Package csquotes Info: Redefining alias 'default' -> 'brazil'.
(./main.aux (./chapters/1-chapter.aux
\g__glossaries_gls_ref_acronym_int=\count537
) (./chapters/2-chapter.aux)
(./chapters/3-chapter.aux) (./chapters/4-chapter.aux) (./chapters/5-chapter.aux
) (./chapters/6-chapter.aux) (./chapters/7-chapter.aux))
\openout1 = `main.aux'.

LaTeX Font Info:    Checking defaults for OML/cmm/m/it on input line 198.
LaTeX Font Info:    ... okay on input line 198.
LaTeX Font Info:    Checking defaults for OMS/cmsy/m/n on input line 198.
LaTeX Font Info:    ... okay on input line 198.
LaTeX Font Info:    Checking defaults for OT1/cmr/m/n on input line 198.
LaTeX Font Info:    ... okay on input line 198.
LaTeX Font Info:    Checking defaults for T1/cmr/m/n on input line 198.
LaTeX Font Info:    ... okay on input line 198.
LaTeX Font Info:    Checking defaults for TS1/cmr/m/n on input line 198.
LaTeX Font Info:    ... okay on input line 198.
LaTeX Font Info:    Checking defaults for OMX/cmex/m/n on input line 198.
LaTeX Font Info:    ... okay on input line 198.
LaTeX Font Info:    Checking defaults for U/cmr/m/n on input line 198.
LaTeX Font Info:    ... okay on input line 198.
LaTeX Font Info:    Checking defaults for PD1/pdf/m/n on input line 198.
LaTeX Font Info:    ... okay on input line 198.
LaTeX Font Info:    Checking defaults for PU/pdf/m/n on input line 198.
LaTeX Font Info:    ... okay on input line 198.
Package hyperref Info: Link coloring ON on input line 198.
\myptabbox=\box70
\myptabboxwidth=\skip296

(/usr/local/texlive/2025basic/texmf-dist/tex/context/base/mkii/supp-pdf.mkii
[Loading MPS to PDF converter (version 2006.09.02).]
\scratchcounter=\count538
\scratchdimen=\dimen281
\scratchbox=\box71
\nofMPsegments=\count539
\nofMParguments=\count540
\everyMPshowfont=\toks50
\MPscratchCnt=\count541
\MPscratchDim=\dimen282
\MPnumerator=\count542
\makeMPintoPDFobject=\count543
\everyMPtoPDFconversion=\toks51
)
(/usr/local/texlive/2025basic/texmf-dist/tex/latex/epstopdf-pkg/epstopdf-base.s
ty
Package: epstopdf-base 2020-01-24 v2.11 Base part for package epstopdf
Package epstopdf-base Info: Redefining graphics rule for `.eps' on input line 4
85.

(/usr/local/texlive/2025basic/texmf-dist/tex/latex/latexconfig/epstopdf-sys.cfg
File: epstopdf-sys.cfg 2010/07/13 v1.3 Configuration of (r)epstopdf for TeX Liv
e
))
LaTeX Info: Redefining \microtypecontext on input line 198.
Package microtype Info: Applying patch `item' on input line 198.
Package microtype Info: Applying patch `toc' on input line 198.
Package microtype Info: Applying patch `eqnum' on input line 198.
Package microtype Info: Applying patch `footnote' on input line 198.
Package microtype Info: Applying patch `verbatim' on input line 198.
LaTeX Info: Redefining \microtypesetup on input line 198.
Package microtype Info: Generating PDF output.
Package microtype Info: Character protrusion enabled (level 2),
(microtype)             factor: 1100.
Package microtype Info: Using default protrusion set `alltext'.
Package microtype Info: Automatic font expansion enabled (level 2),
(microtype)             stretch: 10, shrink: 10, step: 1, non-selected.
Package microtype Info: Using default expansion set `alltext-nott'.
LaTeX Info: Redefining \showhyphens on input line 198.
Package microtype Info: No adjustment of tracking.
Package microtype Info: No adjustment of interword spacing.
Package microtype Info: No adjustment of character kerning.
 (/usr/local/texlive/2025basic/texmf-dist/tex/latex/microtype/mt-cmr.cfg
File: mt-cmr.cfg 2013/05/19 v2.2 microtype config. file: Computer Modern Roman 
(RS)
)
(/usr/local/texlive/2025basic/texmf-dist/tex/latex/pdflscape/pdflscape.sty
Package: pdflscape 2022-10-27 v0.13 Display of landscape pages in PDF

(/usr/local/texlive/2025basic/texmf-dist/tex/latex/pdflscape/pdflscape-nometada
ta.sty
Package: pdflscape-nometadata 2022-10-28 v0.13 Display of landscape pages in PD
F (HO)
 (/usr/local/texlive/2025basic/texmf-dist/tex/latex/graphics/lscape.sty
Package: lscape 2020/05/28 v3.02 Landscape Pages (DPC)
)
Package pdflscape Info: Auto-detected driver: pdftex on input line 81.
))
Package biblatex Info: Trying to load language 'brazil' -> 'brazil-abnt'...
Package biblatex Info: ... file 'brazil-abnt.lbx' found.

(/usr/local/texlive/2025basic/texmf-dist/tex/latex/biblatex-abnt/brazil-abnt.lb
x
File: brazil-abnt.lbx 2018-11-17 v3.4 ABNT BibLaTeX citation style
Package biblatex Info: Trying to load language 'brazilian-abnt'...
Package biblatex Info: ... file 'brazilian-abnt.lbx' found.

(/usr/local/texlive/2025basic/texmf-dist/tex/latex/biblatex-abnt/brazilian-abnt
.lbx
File: brazilian-abnt.lbx 2018-11-17 v3.4 ABNT BibLaTeX citation style
Package biblatex Info: Trying to load language 'brazilian' -> 'brazilian-abnt'.
..
Package biblatex Info: ... file 'brazilian-abnt.lbx' found.

(/usr/local/texlive/2025basic/texmf-dist/tex/latex/biblatex-abnt/brazilian-abnt
.lbx
File: brazilian-abnt.lbx 2018-11-17 v3.4 ABNT BibLaTeX citation style
Package biblatex Info: Trying to load language 'brazilian'...
Package biblatex Info: ... file 'brazilian.lbx' found.

(/usr/local/texlive/2025basic/texmf-dist/tex/latex/biblatex/lbx/brazilian.lbx
File: brazilian.lbx 2025/07/10 v3.21 biblatex localization (PK/MW)
)))
Package biblatex Info: Trying to load language 'brazilian-abnt'...
Package biblatex Info: ... file 'brazilian-abnt.lbx' found.

(/usr/local/texlive/2025basic/texmf-dist/tex/latex/biblatex-abnt/brazilian-abnt
.lbx
File: brazilian-abnt.lbx 2018-11-17 v3.4 ABNT BibLaTeX citation style
Package biblatex Info: Trying to load language 'brazilian' -> 'brazilian-abnt'.
..
Package biblatex Info: ... file 'brazilian-abnt.lbx' found.

(/usr/local/texlive/2025basic/texmf-dist/tex/latex/biblatex-abnt/brazilian-abnt
.lbx
File: brazilian-abnt.lbx 2018-11-17 v3.4 ABNT BibLaTeX citation style
Package biblatex Info: Trying to load language 'brazilian'...
Package biblatex Info: ... file 'brazilian.lbx' found.

(/usr/local/texlive/2025basic/texmf-dist/tex/latex/biblatex/lbx/brazilian.lbx
File: brazilian.lbx 2025/07/10 v3.21 biblatex localization (PK/MW)
)
Package biblatex Info: Trying to load language 'brazil'...
Package biblatex Info: ... file 'brazil.lbx' found.

(/usr/local/texlive/2025basic/texmf-dist/tex/latex/biblatex/lbx/brazil.lbx
File: brazil.lbx 2025/07/10 v3.21 biblatex localization (PK/MW)
Package biblatex Info: Trying to load language 'brazilian'...
Package biblatex Info: ... file 'brazilian.lbx' found.

(/usr/local/texlive/2025basic/texmf-dist/tex/latex/biblatex/lbx/brazilian.lbx
File: brazilian.lbx 2025/07/10 v3.21 biblatex localization (PK/MW)
)))
Package biblatex Info: Trying to load language 'brazil'...
Package biblatex Info: ... file 'brazil.lbx' found.
 (/usr/local/texlive/2025basic/texmf-dist/tex/latex/biblatex/lbx/brazil.lbx
File: brazil.lbx 2025/07/10 v3.21 biblatex localization (PK/MW)
Package biblatex Info: Trying to load language 'brazilian' -> 'brazilian-abnt'.
..
Package biblatex Info: ... file 'brazilian-abnt.lbx' found.

(/usr/local/texlive/2025basic/texmf-dist/tex/latex/biblatex-abnt/brazilian-abnt
.lbx
File: brazilian-abnt.lbx 2018-11-17 v3.4 ABNT BibLaTeX citation style
Package biblatex Info: Trying to load language 'brazilian'...
Package biblatex Info: ... file 'brazilian.lbx' found.

(/usr/local/texlive/2025basic/texmf-dist/tex/latex/biblatex/lbx/brazilian.lbx
File: brazilian.lbx 2025/07/10 v3.21 biblatex localization (PK/MW)
)
Package biblatex Info: Trying to load language 'brazil'...
Package biblatex Info: ... file 'brazil.lbx' found.

(/usr/local/texlive/2025basic/texmf-dist/tex/latex/biblatex/lbx/brazil.lbx
File: brazil.lbx 2025/07/10 v3.21 biblatex localization (PK/MW)
Package biblatex Info: Trying to load language 'brazilian'...
Package biblatex Info: ... file 'brazilian.lbx' found.

(/usr/local/texlive/2025basic/texmf-dist/tex/latex/biblatex/lbx/brazilian.lbx
File: brazilian.lbx 2025/07/10 v3.21 biblatex localization (PK/MW)
))))))
Package biblatex Info: Trying to load language 'english' -> 'english-abnt'...
Package biblatex Info: ... file 'english-abnt.lbx' found.

(/usr/local/texlive/2025basic/texmf-dist/tex/latex/biblatex-abnt/english-abnt.l
bx
File: english-abnt.lbx 2018-11-17 v3.4 ABNT BibLaTeX citation style
Package biblatex Info: Trying to load language 'english'...
Package biblatex Info: ... file 'english.lbx' found.
 (/usr/local/texlive/2025basic/texmf-dist/tex/latex/biblatex/lbx/english.lbx
File: english.lbx 2025/07/10 v3.21 biblatex localization (PK/MW)
)
Package biblatex Info: Trying to load language 'english'...
Package biblatex Info: ... file 'english.lbx' found.
(/usr/local/texlive/2025basic/texmf-dist/tex/latex/biblatex/lbx/english.lbx
File: english.lbx 2025/07/10 v3.21 biblatex localization (PK/MW)
)
Package biblatex Info: Trying to load language 'english'...
Package biblatex Info: ... file 'english.lbx' found.

(/usr/local/texlive/2025basic/texmf-dist/tex/latex/biblatex/lbx/english.lbx
File: english.lbx 2025/07/10 v3.21 biblatex localization (PK/MW)
))
Package biblatex Info: Input encoding 'utf8' detected.
Package biblatex Info: Automatic encoding selection.
(biblatex)             Assuming data encoding 'utf8'.
\openout4 = `main.bcf'.

Package biblatex Info: Trying to load bibliographic data...
Package biblatex Info: ... file 'main.bbl' found.

(./main.bbl)
Package biblatex Info: Reference section=0 on input line 198.
Package biblatex Info: Reference segment=0 on input line 198.
 (./beforetext/beforetext.tex
<setup/vertical_sigla_fundo_claro.pdf, id=4, 327.2225pt x 449.68pt>
File: setup/vertical_sigla_fundo_claro.pdf Graphic file (type pdf)
<use setup/vertical_sigla_fundo_claro.pdf>
Package pdftex.def Info: setup/vertical_sigla_fundo_claro.pdf  used on input li
ne 4.
(pdftex.def)             Requested size: 52.35297pt x 71.9434pt.


[1

{/usr/local/texlive/2025basic/texmf-var/fonts/map/pdftex/updmap/pdftex.map}{/us
r/local/texlive/2025basic/texmf-dist/fonts/enc/dvips/lm/lm-ec.enc} <./setup/ver
tical_sigla_fundo_claro.pdf>]
Underfull \hbox (badness 1205) in paragraph at lines 13--13
[]\T1/lmr/m/n/10 (+10) Trabalho de Con-clu-so de Curso do Curso de
 []


Underfull \hbox (badness 2635) in paragraph at lines 13--13
\T1/lmr/m/n/10 (+10) Tec-no-l-gico da Uni-ver-si-dade Fe-de-ral de Santa
 []




pdfTeX warning (ext4): destination with the same identifier (name{page.1}) has 
been already used, duplicate ignored
<to be read again> 
                   \relax 
l.13 
      [1



]
<beforetext/Ficha_Catalografica.pdf, id=21, 597.51233pt x 845.0471pt>
File: beforetext/Ficha_Catalografica.pdf Graphic file (type pdf)
<use beforetext/Ficha_Catalografica.pdf>
Package pdftex.def Info: beforetext/Ficha_Catalografica.pdf  used on input line
 19.
(pdftex.def)             Requested size: 597.51086pt x 845.04504pt.
<beforetext/Ficha_Catalografica.pdf, id=23, page=1, 597.51233pt x 845.0471pt>
File: beforetext/Ficha_Catalografica.pdf Graphic file (type pdf)
<use beforetext/Ficha_Catalografica.pdf, page 1>
Package pdftex.def Info: beforetext/Ficha_Catalografica.pdf , page1 used on inp
ut line 19.
(pdftex.def)             Requested size: 597.51086pt x 845.04504pt.
File: beforetext/Ficha_Catalografica.pdf Graphic file (type pdf)
<use beforetext/Ficha_Catalografica.pdf, page 1>
Package pdftex.def Info: beforetext/Ficha_Catalografica.pdf , page1 used on inp
ut line 19.
(pdftex.def)             Requested size: 597.53821pt x 845.08372pt.
File: beforetext/Ficha_Catalografica.pdf Graphic file (type pdf)
<use beforetext/Ficha_Catalografica.pdf, page 1>
Package pdftex.def Info: beforetext/Ficha_Catalografica.pdf , page1 used on inp
ut line 19.
(pdftex.def)             Requested size: 597.53821pt x 845.08372pt.
File: beforetext/Ficha_Catalografica.pdf Graphic file (type pdf)
<use beforetext/Ficha_Catalografica.pdf, page 1>
Package pdftex.def Info: beforetext/Ficha_Catalografica.pdf , page1 used on inp
ut line 19.
(pdftex.def)             Requested size: 597.53821pt x 845.08372pt.


File: beforetext/Ficha_Catalografica.pdf Graphic file (type pdf)
<use beforetext/Ficha_Catalografica.pdf, page 1>
Package pdftex.def Info: beforetext/Ficha_Catalografica.pdf , page1 used on inp
ut line 19.
(pdftex.def)             Requested size: 597.53821pt x 845.08372pt.
[2

 <./beforetext/Ficha_Catalografica.pdf>]

[3

]
LaTeX Font Info:    Trying to load font information for T1+lmss on input line 7
7.
 (/usr/local/texlive/2025basic/texmf-dist/tex/latex/lm/t1lmss.fd
File: t1lmss.fd 2015/05/01 v1.6.1 Font defs for Latin Modern
)
Package microtype Info: Loading generic protrusion settings for font family
(microtype)             `lmss' (encoding: T1).
(microtype)             For optimal results, create family-specific settings.
(microtype)             See the microtype manual for details.


[4


]

[5

]

[6

] (./main.lof
LaTeX Font Info:    Trying to load font information for OT1+lmr on input line 3
.
 (/usr/local/texlive/2025basic/texmf-dist/tex/latex/lm/ot1lmr.fd
File: ot1lmr.fd 2015/05/01 v1.6.1 Font defs for Latin Modern
)
LaTeX Font Info:    Trying to load font information for OML+lmm on input line 3
.
 (/usr/local/texlive/2025basic/texmf-dist/tex/latex/lm/omllmm.fd
File: omllmm.fd 2015/05/01 v1.6.1 Font defs for Latin Modern
)
LaTeX Font Info:    Trying to load font information for OMS+lmsy on input line 
3.

(/usr/local/texlive/2025basic/texmf-dist/tex/latex/lm/omslmsy.fd
File: omslmsy.fd 2015/05/01 v1.6.1 Font defs for Latin Modern
)
LaTeX Font Info:    Trying to load font information for OMX+lmex on input line 
3.

(/usr/local/texlive/2025basic/texmf-dist/tex/latex/lm/omxlmex.fd
File: omxlmex.fd 2015/05/01 v1.6.1 Font defs for Latin Modern
)
LaTeX Font Info:    External font `lmex10' loaded for size
(Font)              <12> on input line 3.
LaTeX Font Info:    External font `lmex10' loaded for size
(Font)              <8> on input line 3.
LaTeX Font Info:    External font `lmex10' loaded for size
(Font)              <6> on input line 3.


[7

])

[8] (./main.lot)

[9

]

Package glossaries Info: Preparing to sort glossary `acronym' (total number of
(glossaries)             referenced entries: 6)



[10



] (./main.toc

[11

])

[12])
\openout2 = `chapters/1-chapter.aux'.

 (./chapters/1-chapter.tex

[13



]
LaTeX Font Info:    Font shape `T1/lmss/b/n' in size <12> not available
(Font)              Font shape `T1/lmss/bx/n' tried instead on input line 18.
LaTeX Font Info:    Trying to load font information for TS1+lmr on input line 2
7.
 (/usr/local/texlive/2025basic/texmf-dist/tex/latex/lm/ts1lmr.fd
File: ts1lmr.fd 2015/05/01 v1.6.1 Font defs for Latin Modern
)

[14{/usr/local/texlive/2025basic/texmf-dist/fonts/enc/dvips/lm/lm-ts1.enc}]

[15])

[16]
\openout2 = `chapters/2-chapter.aux'.

 (./chapters/2-chapter.tex

[17




])

[18]
\openout2 = `chapters/3-chapter.aux'.

 (./chapters/3-chapter.tex

[19




]

[20]
<images/historiaIA.png, id=345, 1104.125pt x 700.6175pt>
File: images/historiaIA.png Graphic file (type png)
<use images/historiaIA.png>
Package pdftex.def Info: images/historiaIA.png  used on input line 31.
(pdftex.def)             Requested size: 424.00278pt x 269.04903pt.


[21 <./images/historiaIA.png>]
<images/arquiteturaGANS.jpeg, id=364, 943.525pt x 401.5pt>
File: images/arquiteturaGANS.jpeg Graphic file (type jpg)
<use images/arquiteturaGANS.jpeg>
Package pdftex.def Info: images/arquiteturaGANS.jpeg  used on input line 52.
(pdftex.def)             Requested size: 415.95851pt x 177.00362pt.


[22 <./images/arquiteturaGANS.jpeg>]
<images/aplicacaoRuido.png, id=378, 476.78125pt x 221.82875pt>
File: images/aplicacaoRuido.png Graphic file (type png)
<use images/aplicacaoRuido.png>
Package pdftex.def Info: images/aplicacaoRuido.png  used on input line 70.
(pdftex.def)             Requested size: 334.77765pt x 155.75969pt.
LaTeX Font Info:    Trying to load font information for T1+lmtt on input line 7
2.

(/usr/local/texlive/2025basic/texmf-dist/tex/latex/lm/t1lmtt.fd
File: t1lmtt.fd 2015/05/01 v1.6.1 Font defs for Latin Modern
)
Package microtype Info: Loading generic protrusion settings for font family
(microtype)             `lmtt' (encoding: T1).
(microtype)             For optimal results, create family-specific settings.
(microtype)             See the microtype manual for details.
LaTeX Font Info:    External font `lmex10' loaded for size
(Font)              <10> on input line 72.
LaTeX Font Info:    External font `lmex10' loaded for size
(Font)              <7> on input line 72.
LaTeX Font Info:    External font `lmex10' loaded for size
(Font)              <5> on input line 72.


[23 <./images/aplicacaoRuido.png>]

[24]
<images/txt-to-img-exp.png, id=408, 844.15375pt x 320.19624pt>
File: images/txt-to-img-exp.png Graphic file (type png)
<use images/txt-to-img-exp.png>
Package pdftex.def Info: images/txt-to-img-exp.png  used on input line 101.
(pdftex.def)             Requested size: 455.01187pt x 172.5907pt.
<images/img-to-img-exp.png, id=412, 1002.74625pt x 411.03563pt>
File: images/img-to-img-exp.png Graphic file (type png)
<use images/img-to-img-exp.png>
Package pdftex.def Info: images/img-to-img-exp.png  used on input line 115.
(pdftex.def)             Requested size: 379.97649pt x 155.75612pt.


[25 <./images/txt-to-img-exp.png>]
<images/inpainting.jpg, id=421, 2409.0pt x 1204.5pt>
File: images/inpainting.jpg Graphic file (type jpg)
<use images/inpainting.jpg>
Package pdftex.def Info: images/inpainting.jpg  used on input line 130.
(pdftex.def)             Requested size: 353.98274pt x 176.99136pt.


[26 <./images/img-to-img-exp.png> <./images/inpainting.jpg>]
<images/controlnet.png, id=431, 854.19125pt x 449.68pt>
File: images/controlnet.png Graphic file (type png)
<use images/controlnet.png>
Package pdftex.def Info: images/controlnet.png  used on input line 152.
(pdftex.def)             Requested size: 349.66023pt x 184.07494pt.


[27 <./images/controlnet.png>]
<images/lora.png, id=442, 873.2625pt x 538.01pt>
File: images/lora.png Graphic file (type png)
<use images/lora.png>
Package pdftex.def Info: images/lora.png  used on input line 169.
(pdftex.def)             Requested size: 455.0052pt x 280.32504pt.


[28 <./images/lora.png>]

[29]
<images/automatic1111.png, id=459, 1326.9575pt x 665.48625pt>
File: images/automatic1111.png Graphic file (type png)
<use images/automatic1111.png>
Package pdftex.def Info: images/automatic1111.png  used on input line 220.
(pdftex.def)             Requested size: 454.9864pt x 228.18152pt.


[30 <./images/automatic1111.png>]
<images/comfyui.png, id=467, 1392.20125pt x 599.23875pt>
File: images/comfyui.png Graphic file (type png)
<use images/comfyui.png>
Package pdftex.def Info: images/comfyui.png  used on input line 236.
(pdftex.def)             Requested size: 427.64793pt x 184.07051pt.

Underfull \hbox (badness 1024) in paragraph at lines 254--254
[]|\T1/lmr/m/n/10 (+10) Curva de apren-di-
 []


Underfull \hbox (badness 10000) in paragraph at lines 258--258
[]|\T1/lmr/m/n/10 (+10) Desempenho em
 []


Underfull \hbox (badness 7468) in paragraph at lines 258--258
\T1/lmr/m/n/10 (+10) work-flows com-ple-
 []


Underfull \hbox (badness 5077) in paragraph at lines 258--258
[]|\T1/lmr/m/n/10 (+10) Menos efi-ci-ente, uso de [][][]\T1/lmr/m/it/10 (+10) V
i-
 []


Underfull \hbox (badness 5105) in paragraph at lines 258--258
\T1/lmr/m/it/10 (+10) deo Ran-dom Ac-cess Me-mory
 []


Underfull \hbox (badness 10000) in paragraph at lines 264--265
[]|\T1/lmr/m/n/10 (+10) Produo pro-fis-si-o-nal, flu-xos
 []

)

[31 <./images/comfyui.png>]
\openout2 = `chapters/4-chapter.aux'.

 (./chapters/4-chapter.tex

[32




]
<images/workflow-textura.png, id=488, 1167.36125pt x 659.46375pt>
File: images/workflow-textura.png Graphic file (type png)
<use images/workflow-textura.png>
Package pdftex.def Info: images/workflow-textura.png  used on input line 36.
(pdftex.def)             Requested size: 438.65002pt x 247.80142pt.


[33 <./images/workflow-textura.png>]
<images/workflow-exp.jpg, id=495, 1392.20125pt x 714.67pt>
File: images/workflow-exp.jpg Graphic file (type jpg)
<use images/workflow-exp.jpg>
Package pdftex.def Info: images/workflow-exp.jpg  used on input line 47.
(pdftex.def)             Requested size: 454.98799pt x 233.56268pt.
<images/inpainting-manual.png, id=497, 831.105pt x 544.0325pt>
File: images/inpainting-manual.png Graphic file (type png)
<use images/inpainting-manual.png>
Package pdftex.def Info: images/inpainting-manual.png  used on input line 56.
(pdftex.def)             Requested size: 389.3766pt x 254.88179pt.


[34 <./images/workflow-exp.jpg>]
<images/scribble-manual.png, id=503, 636.3775pt x 318.18875pt>
File: images/scribble-manual.png Graphic file (type png)
<use images/scribble-manual.png>
Package pdftex.def Info: images/scribble-manual.png  used on input line 65.
(pdftex.def)             Requested size: 424.79764pt x 212.3988pt.


[35 <./images/inpainting-manual.png> <./images/scribble-manual.png>]
<images/lora-manual.png, id=511, 999.735pt x 597.23125pt>
File: images/lora-manual.png Graphic file (type png)
<use images/lora-manual.png>
Package pdftex.def Info: images/lora-manual.png  used on input line 74.
(pdftex.def)             Requested size: 455.00218pt x 271.81354pt.


[36 <./images/lora-manual.png>]

[37]
<images/arch.jpg, id=537, 3329.43875pt x 2050.66125pt>
File: images/arch.jpg Graphic file (type jpg)
<use images/arch.jpg>
Package pdftex.def Info: images/arch.jpg  used on input line 105.
(pdftex.def)             Requested size: 454.99239pt x 280.23799pt.
<images/hunyuanWorkflow.png, id=539, 1245.65375pt x 604.2575pt>
File: images/hunyuanWorkflow.png Graphic file (type png)
<use images/hunyuanWorkflow.png>
Package pdftex.def Info: images/hunyuanWorkflow.png  used on input line 114.
(pdftex.def)             Requested size: 454.99246pt x 220.7135pt.


[38 <./images/arch.jpg>]

[39 <./images/hunyuanWorkflow.png>]
<images/hunyuan25.png, id=558, 706.64pt x 376.40625pt>
File: images/hunyuan25.png Graphic file (type png)
<use images/hunyuan25.png>
Package pdftex.def Info: images/hunyuan25.png  used on input line 131.
(pdftex.def)             Requested size: 398.75635pt x 212.40572pt.
<images/hunyuan25-site.png, id=560, 1228.59pt x 634.37pt>
File: images/hunyuan25-site.png Graphic file (type png)
<use images/hunyuan25-site.png>
Package pdftex.def Info: images/hunyuan25-site.png  used on input line 142.
(pdftex.def)             Requested size: 370.22955pt x 191.16428pt.


[40 <./images/hunyuan25.png> <./images/hunyuan25-site.png>]
<images/meshyAI.png, id=571, 910.40125pt x 620.3175pt>
File: images/meshyAI.png Graphic file (type png)
<use images/meshyAI.png>
Package pdftex.def Info: images/meshyAI.png  used on input line 160.
(pdftex.def)             Requested size: 311.72719pt x 212.40067pt.


[41 <./images/meshyAI.png>]
<images/comparacao.png, id=579, 919.435pt x 637.38126pt>
File: images/comparacao.png Graphic file (type png)
<use images/comparacao.png>
Package pdftex.def Info: images/comparacao.png  used on input line 177.
(pdftex.def)             Requested size: 275.74844pt x 191.15749pt.


[42 <./images/comparacao.png>]
<images/correcao_malha.png, id=587, 883.3pt x 372.39125pt>
File: images/correcao_malha.png Graphic file (type png)
<use images/correcao_malha.png>
Package pdftex.def Info: images/correcao_malha.png  used on input line 201.
(pdftex.def)             Requested size: 369.47394pt x 155.76685pt.
<images/correcao_textura.png, id=589, 1347.0325pt x 508.90125pt>
File: images/correcao_textura.png Graphic file (type png)
<use images/correcao_textura.png>
Package pdftex.def Info: images/correcao_textura.png  used on input line 210.
(pdftex.def)             Requested size: 337.31226pt x 127.43466pt.


[43 <./images/correcao_malha.png> <./images/correcao_textura.png>]
<images/correcao_shader.png, id=597, 1036.87375pt x 547.04375pt>
File: images/correcao_shader.png Graphic file (type png)
<use images/correcao_shader.png>
Package pdftex.def Info: images/correcao_shader.png  used on input line 220.
(pdftex.def)             Requested size: 455.00761pt x 240.05725pt.


[44 <./images/correcao_shader.png>]
<images/esqueleto.png, id=604, 1176.395pt x 646.415pt>
File: images/esqueleto.png Graphic file (type png)
<use images/esqueleto.png>
Package pdftex.def Info: images/esqueleto.png  used on input line 242.
(pdftex.def)             Requested size: 450.96588pt x 247.80035pt.


[45 <./images/esqueleto.png>]

[46]
<images/gemas.png, id=617, 1115.16624pt x 545.03625pt>
File: images/gemas.png Graphic file (type png)
<use images/gemas.png>
Package pdftex.def Info: images/gemas.png  used on input line 283.
(pdftex.def)             Requested size: 454.99202pt x 222.37683pt.
<images/plataforma.png, id=618, 1112.155pt x 593.21625pt>
File: images/plataforma.png Graphic file (type png)
<use images/plataforma.png>
Package pdftex.def Info: images/plataforma.png  used on input line 291.
(pdftex.def)             Requested size: 455.00224pt x 242.69524pt.


[47 <./images/gemas.png> <./images/plataforma.png>]
<images/gradeMadeira.png, id=625, 1104.125pt x 590.205pt>
File: images/gradeMadeira.png Graphic file (type png)
<use images/gradeMadeira.png>
Package pdftex.def Info: images/gradeMadeira.png  used on input line 301.
(pdftex.def)             Requested size: 317.87993pt x 169.92126pt.
<images/bp_gemas.png, id=627, 1336.995pt x 421.575pt>
File: images/bp_gemas.png Graphic file (type png)
<use images/bp_gemas.png>
Package pdftex.def Info: images/bp_gemas.png  used on input line 314.
(pdftex.def)             Requested size: 426.6231pt x 134.52078pt.


[48 <./images/gradeMadeira.png> <./images/bp_gemas.png>]

[49]
<images/blueprint.png, id=645, 1097.09875pt x 482.80376pt>
File: images/blueprint.png Graphic file (type png)
<use images/blueprint.png>
Package pdftex.def Info: images/blueprint.png  used on input line 336.
(pdftex.def)             Requested size: 454.98618pt x 200.22722pt.
<images/bp_madeira.png, id=647, 1340.00626pt x 453.695pt>
File: images/bp_madeira.png Graphic file (type png)
<use images/bp_madeira.png>
Package pdftex.def Info: images/bp_madeira.png  used on input line 345.
(pdftex.def)             Requested size: 454.9827pt x 154.04657pt.


[50 <./images/blueprint.png> <./images/bp_madeira.png>]
<images/materials.png, id=656, 1419.3025pt x 555.07375pt>
File: images/materials.png Graphic file (type png)
<use images/materials.png>
Package pdftex.def Info: images/materials.png  used on input line 364.
(pdftex.def)             Requested size: 454.98738pt x 177.9406pt.


[51]
<images/mesclagem.png, id=661, 1257.69875pt x 748.7975pt>
File: images/mesclagem.png Graphic file (type png)
<use images/mesclagem.png>
Package pdftex.def Info: images/mesclagem.png  used on input line 373.
(pdftex.def)             Requested size: 454.99734pt x 270.89227pt.


[52 <./images/materials.png> <./images/mesclagem.png>]
<images/maricota_ue.png, id=676, 1461.46pt x 766.865pt>
File: images/maricota_ue.png Graphic file (type png)
<use images/maricota_ue.png>
Package pdftex.def Info: images/maricota_ue.png  used on input line 387.
(pdftex.def)             Requested size: 454.98802pt x 238.74371pt.
<images/entrada.png, id=677, 1851.91875pt x 886.31125pt>
File: images/entrada.png Graphic file (type png)
<use images/entrada.png>
Package pdftex.def Info: images/entrada.png  used on input line 394.
(pdftex.def)             Requested size: 454.98155pt x 217.74997pt.
<images/casa_comandante.png, id=678, 1851.91875pt x 886.31125pt>
File: images/casa_comandante.png Graphic file (type png)
<use images/casa_comandante.png>
Package pdftex.def Info: images/casa_comandante.png  used on input line 401.
(pdftex.def)             Requested size: 454.98155pt x 217.74997pt.
<images/igreja.png, id=679, 1851.91875pt x 886.31125pt>
File: images/igreja.png Graphic file (type png)
<use images/igreja.png>
Package pdftex.def Info: images/igreja.png  used on input line 408.
(pdftex.def)             Requested size: 454.98155pt x 217.74997pt.
<images/quartel.png, id=680, 1851.91875pt x 886.31125pt>
File: images/quartel.png Graphic file (type png)
<use images/quartel.png>
Package pdftex.def Info: images/quartel.png  used on input line 415.
(pdftex.def)             Requested size: 454.98155pt x 217.74997pt.
<images/ponta.png, id=681, 1851.91875pt x 886.31125pt>
File: images/ponta.png Graphic file (type png)
<use images/ponta.png>
Package pdftex.def Info: images/ponta.png  used on input line 422.
(pdftex.def)             Requested size: 454.98155pt x 217.74997pt.
)

[53 <./images/maricota_ue.png> <./images/entrada.png>]

[54 <./images/casa_comandante.png> <./images/igreja.png>]

[55 <./images/quartel.png> <./images/ponta.png>]
\openout2 = `chapters/5-chapter.aux'.

 (./chapters/5-chapter.tex

[56




])

[57]
\openout2 = `chapters/6-chapter.aux'.

 (./chapters/6-chapter.tex)

[58




]

[59]
\openout2 = `chapters/7-chapter.aux'.

 (./chapters/7-chapter.tex)

[60




]

[61



] (./aftertext/apendice_a.tex

[62]
Underfull \hbox (badness 1688) in paragraph at lines 4--7
\T1/lmr/m/n/12 (+10) O re-la-t-rio tc-nico com-pleto da Re-vi-so Sis-te-m-t
ica so-bre o uso de In-te-li-gn-
 []


Underfull \hbox (badness 2065) in paragraph at lines 4--7
\T1/lmr/m/n/12 (+10) cia Ar-ti-fi-cial Ge-ra-tiva na mo-de-la-gem 3D para De-se
n-vol-vi-mento de Jo-gos est
 []


Underfull \hbox (badness 10000) in paragraph at lines 4--7
\T1/lmr/m/n/12 (+10) se-ar-ch-Gate: [][]$\T1/lmtt/m/n/12 https : / / www . rese
archgate . net / publication / 381733374 _ Revisao _
 []


Underfull \hbox (badness 10000) in paragraph at lines 4--7
\T1/lmtt/m/n/12 Sistematica _ do _ Uso _ de _ Inteligencia _ Artificial _ Gerat
iva _ na _ modelagem _ 3D _
 []

<relatorio_tecnico_EmilySayuriKiba.pdf, id=784, 597.432pt x 845.07718pt>
File: relatorio_tecnico_EmilySayuriKiba.pdf Graphic file (type pdf)
<use relatorio_tecnico_EmilySayuriKiba.pdf>
Package pdftex.def Info: relatorio_tecnico_EmilySayuriKiba.pdf  used on input l
ine 8.
(pdftex.def)             Requested size: 597.43054pt x 845.07512pt.
<relatorio_tecnico_EmilySayuriKiba.pdf, id=786, page=1, 597.432pt x 845.07718pt
>
File: relatorio_tecnico_EmilySayuriKiba.pdf Graphic file (type pdf)
<use relatorio_tecnico_EmilySayuriKiba.pdf, page 1>
Package pdftex.def Info: relatorio_tecnico_EmilySayuriKiba.pdf , page1 used on 
input line 8.
(pdftex.def)             Requested size: 597.43054pt x 845.07512pt.
File: relatorio_tecnico_EmilySayuriKiba.pdf Graphic file (type pdf)
<use relatorio_tecnico_EmilySayuriKiba.pdf, page 1>
Package pdftex.def Info: relatorio_tecnico_EmilySayuriKiba.pdf , page1 used on 
input line 8.
(pdftex.def)             Requested size: 597.45789pt x 845.1138pt.


[63

]
File: relatorio_tecnico_EmilySayuriKiba.pdf Graphic file (type pdf)
<use relatorio_tecnico_EmilySayuriKiba.pdf, page 1>
Package pdftex.def Info: relatorio_tecnico_EmilySayuriKiba.pdf , page1 used on 
input line 8.
(pdftex.def)             Requested size: 597.45789pt x 845.1138pt.
File: relatorio_tecnico_EmilySayuriKiba.pdf Graphic file (type pdf)
<use relatorio_tecnico_EmilySayuriKiba.pdf, page 1>
Package pdftex.def Info: relatorio_tecnico_EmilySayuriKiba.pdf , page1 used on 
input line 8.
(pdftex.def)             Requested size: 597.45789pt x 845.1138pt.


File: relatorio_tecnico_EmilySayuriKiba.pdf Graphic file (type pdf)
<use relatorio_tecnico_EmilySayuriKiba.pdf, page 1>
Package pdftex.def Info: relatorio_tecnico_EmilySayuriKiba.pdf , page1 used on 
input line 8.
(pdftex.def)             Requested size: 597.45789pt x 845.1138pt.
[64

 <./relatorio_tecnico_EmilySayuriKiba.pdf>]
Underfull \hbox (badness 1215) in paragraph at lines 16--19
\T1/lmr/m/n/12 (+10) po-dendo ser aces-sado atra-vs do Re-se-ar-ch-Gate: [][]$
\T1/lmtt/m/n/12 https : / / www . researchgate . net /
 []


Underfull \hbox (badness 10000) in paragraph at lines 16--19
\T1/lmtt/m/n/12 publication / 396709256 _ MANUAL _ DE _ IA _ GERATIVA _ PARA _ 
MODELAGEM _ DE _ PERSONAGEM _
 []

<Manual de IA gerativa para criao de modelo3D.pdf, id=853, 422.32782pt x 59
7.73312pt>
File: Manual de IA gerativa para criao de modelo3D.pdf Graphic file (type p
df)
<use Manual de IA gerativa para criao de modelo3D.pdf>
Package pdftex.def Info: Manual de IA gerativa para criao de modelo3D.pdf  
used on input line 20.
(pdftex.def)             Requested size: 422.32678pt x 597.73166pt.
<Manual de IA gerativa para criao de modelo3D.pdf, id=855, page=1, 422.3278
2pt x 597.73312pt>
File: Manual de IA gerativa para criao de modelo3D.pdf Graphic file (type p
df)
<use Manual de IA gerativa para criao de modelo3D.pdf, page 1>
Package pdftex.def Info: Manual de IA gerativa para criao de modelo3D.pdf ,
 page1 used on input line 20.
(pdftex.def)             Requested size: 422.32678pt x 597.73166pt.
File: Manual de IA gerativa para criao de modelo3D.pdf Graphic file (type p
df)
<use Manual de IA gerativa para criao de modelo3D.pdf, page 1>
Package pdftex.def Info: Manual de IA gerativa para criao de modelo3D.pdf ,
 page1 used on input line 20.
(pdftex.def)             Requested size: 597.79576pt x 846.07814pt.


[65

]
File: Manual de IA gerativa para criao de modelo3D.pdf Graphic file (type p
df)
<use Manual de IA gerativa para criao de modelo3D.pdf, page 1>
Package pdftex.def Info: Manual de IA gerativa para criao de modelo3D.pdf ,
 page1 used on input line 20.
(pdftex.def)             Requested size: 597.79576pt x 846.07814pt.
File: Manual de IA gerativa para criao de modelo3D.pdf Graphic file (type p
df)
<use Manual de IA gerativa para criao de modelo3D.pdf, page 1>
Package pdftex.def Info: Manual de IA gerativa para criao de modelo3D.pdf ,
 page1 used on input line 20.
(pdftex.def)             Requested size: 597.79576pt x 846.07814pt.


File: Manual de IA gerativa para criao de modelo3D.pdf Graphic file (type p
df)
<use Manual de IA gerativa para criao de modelo3D.pdf, page 1>
Package pdftex.def Info: Manual de IA gerativa para criao de modelo3D.pdf ,
 page1 used on input line 20.
(pdftex.def)             Requested size: 597.79576pt x 846.07814pt.
[66

 <./Manual de IA gerativa para criao de modelo3D.pdf>]

[67

]
<aftertext/sbc_article.pdf, id=938, 597.50829pt x 845.0471pt>
File: aftertext/sbc_article.pdf Graphic file (type pdf)
<use aftertext/sbc_article.pdf>
Package pdftex.def Info: aftertext/sbc_article.pdf  used on input line 35.
(pdftex.def)             Requested size: 597.50682pt x 845.04504pt.
<aftertext/sbc_article.pdf, id=940, page=1, 597.50829pt x 845.0471pt>
File: aftertext/sbc_article.pdf Graphic file (type pdf)
<use aftertext/sbc_article.pdf, page 1>
Package pdftex.def Info: aftertext/sbc_article.pdf , page1 used on input line 3
5.
(pdftex.def)             Requested size: 597.50682pt x 845.04504pt.
File: aftertext/sbc_article.pdf Graphic file (type pdf)
<use aftertext/sbc_article.pdf, page 1>
Package pdftex.def Info: aftertext/sbc_article.pdf , page1 used on input line 3
5.
(pdftex.def)             Requested size: 597.53416pt x 845.08372pt.


[68

]
File: aftertext/sbc_article.pdf Graphic file (type pdf)
<use aftertext/sbc_article.pdf, page 1>
Package pdftex.def Info: aftertext/sbc_article.pdf , page1 used on input line 3
5.
(pdftex.def)             Requested size: 597.53416pt x 845.08372pt.
File: aftertext/sbc_article.pdf Graphic file (type pdf)
<use aftertext/sbc_article.pdf, page 1>
Package pdftex.def Info: aftertext/sbc_article.pdf , page1 used on input line 3
5.
(pdftex.def)             Requested size: 597.53416pt x 845.08372pt.


File: aftertext/sbc_article.pdf Graphic file (type pdf)
<use aftertext/sbc_article.pdf, page 1>
Package pdftex.def Info: aftertext/sbc_article.pdf , page1 used on input line 3
5.
(pdftex.def)             Requested size: 597.53416pt x 845.08372pt.
[69

 <./aftertext/sbc_article.pdf>]
<aftertext/sbc_article.pdf, id=981, page=2, 597.50829pt x 845.0471pt>
File: aftertext/sbc_article.pdf Graphic file (type pdf)
<use aftertext/sbc_article.pdf, page 2>
Package pdftex.def Info: aftertext/sbc_article.pdf , page2 used on input line 3
5.
(pdftex.def)             Requested size: 597.53416pt x 845.08372pt.
File: aftertext/sbc_article.pdf Graphic file (type pdf)
<use aftertext/sbc_article.pdf, page 2>
Package pdftex.def Info: aftertext/sbc_article.pdf , page2 used on input line 3
5.
(pdftex.def)             Requested size: 597.53416pt x 845.08372pt.


File: aftertext/sbc_article.pdf Graphic file (type pdf)
<use aftertext/sbc_article.pdf, page 2>
Package pdftex.def Info: aftertext/sbc_article.pdf , page2 used on input line 3
5.
(pdftex.def)             Requested size: 597.53416pt x 845.08372pt.
[70

 <./aftertext/sbc_article.pdf>]
<aftertext/sbc_article.pdf, id=986, page=3, 597.50829pt x 845.0471pt>
File: aftertext/sbc_article.pdf Graphic file (type pdf)
<use aftertext/sbc_article.pdf, page 3>
Package pdftex.def Info: aftertext/sbc_article.pdf , page3 used on input line 3
5.
(pdftex.def)             Requested size: 597.53416pt x 845.08372pt.
File: aftertext/sbc_article.pdf Graphic file (type pdf)
<use aftertext/sbc_article.pdf, page 3>
Package pdftex.def Info: aftertext/sbc_article.pdf , page3 used on input line 3
5.
(pdftex.def)             Requested size: 597.53416pt x 845.08372pt.


File: aftertext/sbc_article.pdf Graphic file (type pdf)
<use aftertext/sbc_article.pdf, page 3>
Package pdftex.def Info: aftertext/sbc_article.pdf , page3 used on input line 3
5.
(pdftex.def)             Requested size: 597.53416pt x 845.08372pt.
[71

 <./aftertext/sbc_article.pdf>]
<aftertext/sbc_article.pdf, id=991, page=4, 597.50829pt x 845.0471pt>
File: aftertext/sbc_article.pdf Graphic file (type pdf)
<use aftertext/sbc_article.pdf, page 4>
Package pdftex.def Info: aftertext/sbc_article.pdf , page4 used on input line 3
5.
(pdftex.def)             Requested size: 597.53416pt x 845.08372pt.
File: aftertext/sbc_article.pdf Graphic file (type pdf)
<use aftertext/sbc_article.pdf, page 4>
Package pdftex.def Info: aftertext/sbc_article.pdf , page4 used on input line 3
5.
(pdftex.def)             Requested size: 597.53416pt x 845.08372pt.


File: aftertext/sbc_article.pdf Graphic file (type pdf)
<use aftertext/sbc_article.pdf, page 4>
Package pdftex.def Info: aftertext/sbc_article.pdf , page4 used on input line 3
5.
(pdftex.def)             Requested size: 597.53416pt x 845.08372pt.
[72

 <./aftertext/sbc_article.pdf>]
<aftertext/sbc_article.pdf, id=1007, page=5, 597.50829pt x 845.0471pt>
File: aftertext/sbc_article.pdf Graphic file (type pdf)
<use aftertext/sbc_article.pdf, page 5>
Package pdftex.def Info: aftertext/sbc_article.pdf , page5 used on input line 3
5.
(pdftex.def)             Requested size: 597.53416pt x 845.08372pt.
File: aftertext/sbc_article.pdf Graphic file (type pdf)
<use aftertext/sbc_article.pdf, page 5>
Package pdftex.def Info: aftertext/sbc_article.pdf , page5 used on input line 3
5.
(pdftex.def)             Requested size: 597.53416pt x 845.08372pt.


File: aftertext/sbc_article.pdf Graphic file (type pdf)
<use aftertext/sbc_article.pdf, page 5>
Package pdftex.def Info: aftertext/sbc_article.pdf , page5 used on input line 3
5.
(pdftex.def)             Requested size: 597.53416pt x 845.08372pt.
[73

 <./aftertext/sbc_article.pdf>]
<aftertext/sbc_article.pdf, id=1018, page=6, 597.50829pt x 845.0471pt>
File: aftertext/sbc_article.pdf Graphic file (type pdf)
<use aftertext/sbc_article.pdf, page 6>
Package pdftex.def Info: aftertext/sbc_article.pdf , page6 used on input line 3
5.
(pdftex.def)             Requested size: 597.53416pt x 845.08372pt.
File: aftertext/sbc_article.pdf Graphic file (type pdf)
<use aftertext/sbc_article.pdf, page 6>
Package pdftex.def Info: aftertext/sbc_article.pdf , page6 used on input line 3
5.
(pdftex.def)             Requested size: 597.53416pt x 845.08372pt.


File: aftertext/sbc_article.pdf Graphic file (type pdf)
<use aftertext/sbc_article.pdf, page 6>
Package pdftex.def Info: aftertext/sbc_article.pdf , page6 used on input line 3
5.
(pdftex.def)             Requested size: 597.53416pt x 845.08372pt.
[74

 <./aftertext/sbc_article.pdf>]
<aftertext/sbc_article.pdf, id=1026, page=7, 597.50829pt x 845.0471pt>
File: aftertext/sbc_article.pdf Graphic file (type pdf)
<use aftertext/sbc_article.pdf, page 7>
Package pdftex.def Info: aftertext/sbc_article.pdf , page7 used on input line 3
5.
(pdftex.def)             Requested size: 597.53416pt x 845.08372pt.
File: aftertext/sbc_article.pdf Graphic file (type pdf)
<use aftertext/sbc_article.pdf, page 7>
Package pdftex.def Info: aftertext/sbc_article.pdf , page7 used on input line 3
5.
(pdftex.def)             Requested size: 597.53416pt x 845.08372pt.


File: aftertext/sbc_article.pdf Graphic file (type pdf)
<use aftertext/sbc_article.pdf, page 7>
Package pdftex.def Info: aftertext/sbc_article.pdf , page7 used on input line 3
5.
(pdftex.def)             Requested size: 597.53416pt x 845.08372pt.
[75

 <./aftertext/sbc_article.pdf>]
<aftertext/sbc_article.pdf, id=1034, page=8, 597.50829pt x 845.0471pt>
File: aftertext/sbc_article.pdf Graphic file (type pdf)
<use aftertext/sbc_article.pdf, page 8>
Package pdftex.def Info: aftertext/sbc_article.pdf , page8 used on input line 3
5.
(pdftex.def)             Requested size: 597.53416pt x 845.08372pt.
File: aftertext/sbc_article.pdf Graphic file (type pdf)
<use aftertext/sbc_article.pdf, page 8>
Package pdftex.def Info: aftertext/sbc_article.pdf , page8 used on input line 3
5.
(pdftex.def)             Requested size: 597.53416pt x 845.08372pt.


File: aftertext/sbc_article.pdf Graphic file (type pdf)
<use aftertext/sbc_article.pdf, page 8>
Package pdftex.def Info: aftertext/sbc_article.pdf , page8 used on input line 3
5.
(pdftex.def)             Requested size: 597.53416pt x 845.08372pt.
[76

 <./aftertext/sbc_article.pdf>]
<aftertext/sbc_article.pdf, id=1044, page=9, 597.50829pt x 845.0471pt>
File: aftertext/sbc_article.pdf Graphic file (type pdf)
<use aftertext/sbc_article.pdf, page 9>
Package pdftex.def Info: aftertext/sbc_article.pdf , page9 used on input line 3
5.
(pdftex.def)             Requested size: 597.53416pt x 845.08372pt.
File: aftertext/sbc_article.pdf Graphic file (type pdf)
<use aftertext/sbc_article.pdf, page 9>
Package pdftex.def Info: aftertext/sbc_article.pdf , page9 used on input line 3
5.
(pdftex.def)             Requested size: 597.53416pt x 845.08372pt.


File: aftertext/sbc_article.pdf Graphic file (type pdf)
<use aftertext/sbc_article.pdf, page 9>
Package pdftex.def Info: aftertext/sbc_article.pdf , page9 used on input line 3
5.
(pdftex.def)             Requested size: 597.53416pt x 845.08372pt.
[77

 <./aftertext/sbc_article.pdf>]
<aftertext/sbc_article.pdf, id=1052, page=10, 597.50829pt x 845.0471pt>
File: aftertext/sbc_article.pdf Graphic file (type pdf)
<use aftertext/sbc_article.pdf, page 10>
Package pdftex.def Info: aftertext/sbc_article.pdf , page10 used on input line 
35.
(pdftex.def)             Requested size: 597.53416pt x 845.08372pt.
File: aftertext/sbc_article.pdf Graphic file (type pdf)
<use aftertext/sbc_article.pdf, page 10>
Package pdftex.def Info: aftertext/sbc_article.pdf , page10 used on input line 
35.
(pdftex.def)             Requested size: 597.53416pt x 845.08372pt.


File: aftertext/sbc_article.pdf Graphic file (type pdf)
<use aftertext/sbc_article.pdf, page 10>
Package pdftex.def Info: aftertext/sbc_article.pdf , page10 used on input line 
35.
(pdftex.def)             Requested size: 597.53416pt x 845.08372pt.
[78

 <./aftertext/sbc_article.pdf>])
\tf@lof=\write6
\openout6 = `main.lof'.

\tf@lot=\write7
\openout7 = `main.lot'.

\tf@toc=\write8
\openout8 = `main.toc'.



enddocument/afterlastpage (AED): lastpage setting LastPage.
(./main.aux (./chapters/1-chapter.aux) (./chapters/2-chapter.aux)
(./chapters/3-chapter.aux) (./chapters/4-chapter.aux) (./chapters/5-chapter.aux
) (./chapters/6-chapter.aux) (./chapters/7-chapter.aux))
 ***********
LaTeX2e <2024-11-01> patch level 2
L3 programming layer <2020/03/25>
 ***********
Package logreq Info: Writing requests to 'main.run.xml'.
\openout1 = `main.run.xml'.

 ) 
Here is how much of TeX's memory you used:
 35201 strings out of 473190
 671147 string characters out of 5713195
 1767247 words of memory out of 5000000
 57572 multiletter control sequences out of 15000+600000
 618579 words of font info for 145 fonts, out of 8000000 for 9000
 1141 hyphenation exceptions out of 8191
 199i,17n,295p,2473b,4447s stack positions out of 10000i,1000n,20000p,200000b,200000s
</usr/local/texlive/2025basic/texmf-dist/fonts/type1/public/amsfonts/cm/cmr8.
pfb></usr/local/texlive/2025basic/texmf-dist/fonts/type1/public/lm/lmbx10.pfb><
/usr/local/texlive/2025basic/texmf-dist/fonts/type1/public/lm/lmbx12.pfb></usr/
local/texlive/2025basic/texmf-dist/fonts/type1/public/lm/lmr10.pfb></usr/local/
texlive/2025basic/texmf-dist/fonts/type1/public/lm/lmr12.pfb></usr/local/texliv
e/2025basic/texmf-dist/fonts/type1/public/lm/lmri10.pfb></usr/local/texlive/202
5basic/texmf-dist/fonts/type1/public/lm/lmri12.pfb></usr/local/texlive/2025basi
c/texmf-dist/fonts/type1/public/lm/lmss12.pfb></usr/local/texlive/2025basic/tex
mf-dist/fonts/type1/public/lm/lmssbx10.pfb></usr/local/texlive/2025basic/texmf-
dist/fonts/type1/public/lm/lmtt10.pfb></usr/local/texlive/2025basic/texmf-dist/
fonts/type1/public/lm/lmtt12.pfb></usr/local/texlive/2025basic/texmf-dist/fonts
/type1/urw/courier/ucrr8a.pfb></usr/local/texlive/2025basic/texmf-dist/fonts/ty
pe1/urw/helvetic/uhvb8a.pfb></usr/local/texlive/2025basic/texmf-dist/fonts/type
1/urw/times/utmb8a.pfb></usr/local/texlive/2025basic/texmf-dist/fonts/type1/urw
/times/utmbi8a.pfb></usr/local/texlive/2025basic/texmf-dist/fonts/type1/urw/tim
es/utmr8a.pfb></usr/local/texlive/2025basic/texmf-dist/fonts/type1/urw/times/ut
mri8a.pfb>
Output written on main.pdf (79 pages, 77127643 bytes).
PDF statistics:
 1314 PDF objects out of 1440 (max. 8388607)
 1014 compressed objects within 11 object streams
 222 named destinations out of 1000 (max. 500000)
 34490 words of extra memory for PDF output out of 35830 (max. 10000000)

